# JRE version: Java(TM) SE Runtime Environment (8.0_181-b13) (build 1.8.0_181-b13)
# Java VM: Java HotSpot(TM) 64-Bit Server VM (25.181-b13 mixed mode windows-amd64 compressed oops)
Heap:
 PSYoungGen      total 121344K, used 63159K [0x000000076b800000, 0x0000000773a00000, 0x00000007c0000000)
  eden space 110592K, 54% used [0x000000076b800000,0x000000076f2ede28,0x0000000772400000)
  from space 10752K, 26% used [0x0000000772500000,0x00000007727c0000,0x0000000772f80000)
  to   space 2560K, 0% used [0x0000000773780000,0x0000000773780000,0x0000000773a00000)
 ParOldGen       total 164864K, used 45420K [0x00000006c2800000, 0x00000006cc900000, 0x000000076b800000)
  object space 164864K, 27% used [0x00000006c2800000,0x00000006c545b090,0x00000006cc900000)
 Metaspace       used 22625K, capacity 23332K, committed 23680K, reserved 1069056K
  class space    used 3137K, capacity 3342K, committed 3456K, reserved 1048576K
GC Heap History (10 events):
Event: 4.924 GC heap before
{Heap before GC invocations=2 (full 0):
 PSYoungGen      total 75776K, used 60596K [0x000000076b800000, 0x0000000774c00000, 0x00000007c0000000)
  eden space 65024K, 79% used [0x000000076b800000,0x000000076ea83998,0x000000076f780000)
  from space 10752K, 82% used [0x000000076f780000,0x0000000770029a30,0x0000000770200000)
  to   space 10752K, 0% used [0x0000000774180000,0x0000000774180000,0x0000000774c00000)
 ParOldGen       total 173568K, used 20080K [0x00000006c2800000, 0x00000006cd180000, 0x000000076b800000)
  object space 173568K, 11% used [0x00000006c2800000,0x00000006c3b9c030,0x00000006cd180000)
 Metaspace       used 20475K, capacity 21062K, committed 21248K, reserved 1067008K
  class space    used 2751K, capacity 2947K, committed 3072K, reserved 1048576K
Event: 4.944 GC heap after
Heap after GC invocations=2 (full 0):
 PSYoungGen      total 75776K, used 10738K [0x000000076b800000, 0x0000000774c00000, 0x00000007c0000000)
  eden space 65024K, 0% used [0x000000076b800000,0x000000076b800000,0x000000076f780000)
  from space 10752K, 99% used [0x0000000774180000,0x0000000774bfcb58,0x0000000774c00000)
  to   space 10752K, 0% used [0x000000076f780000,0x000000076f780000,0x0000000770200000)
 ParOldGen       total 173568K, used 34933K [0x00000006c2800000, 0x00000006cd180000, 0x000000076b800000)
  object space 173568K, 20% used [0x00000006c2800000,0x00000006c4a1d6a0,0x00000006cd180000)
 Metaspace       used 20475K, capacity 21062K, committed 21248K, reserved 1067008K
  class space    used 2751K, capacity 2947K, committed 3072K, reserved 1048576K
}
Event: 4.944 GC heap before
{Heap before GC invocations=3 (full 1):
 PSYoungGen      total 75776K, used 10738K [0x000000076b800000, 0x0000000774c00000, 0x00000007c0000000)
  eden space 65024K, 0% used [0x000000076b800000,0x000000076b800000,0x000000076f780000)
  from space 10752K, 99% used [0x0000000774180000,0x0000000774bfcb58,0x0000000774c00000)
  to   space 10752K, 0% used [0x000000076f780000,0x000000076f780000,0x0000000770200000)
 ParOldGen       total 173568K, used 34933K [0x00000006c2800000, 0x00000006cd180000, 0x000000076b800000)
  object space 173568K, 20% used [0x00000006c2800000,0x00000006c4a1d6a0,0x00000006cd180000)
 Metaspace       used 20475K, capacity 21062K, committed 21248K, reserved 1067008K
  class space    used 2751K, capacity 2947K, committed 3072K, reserved 1048576K
Event: 4.987 GC heap after
Heap after GC invocations=3 (full 1):
 PSYoungGen      total 75776K, used 0K [0x000000076b800000, 0x0000000774c00000, 0x00000007c0000000)
  eden space 65024K, 0% used [0x000000076b800000,0x000000076b800000,0x000000076f780000)
  from space 10752K, 0% used [0x0000000774180000,0x0000000774180000,0x0000000774c00000)
  to   space 10752K, 0% used [0x000000076f780000,0x000000076f780000,0x0000000770200000)
 ParOldGen       total 164864K, used 45404K [0x00000006c2800000, 0x00000006cc900000, 0x000000076b800000)
  object space 164864K, 27% used [0x00000006c2800000,0x00000006c5457090,0x00000006cc900000)
 Metaspace       used 20475K, capacity 21062K, committed 21248K, reserved 1067008K
  class space    used 2751K, capacity 2947K, committed 3072K, reserved 1048576K
}
Event: 2697.526 GC heap before
{Heap before GC invocations=4 (full 1):
 PSYoungGen      total 75776K, used 65024K [0x000000076b800000, 0x0000000774c00000, 0x00000007c0000000)
  eden space 65024K, 100% used [0x000000076b800000,0x000000076f780000,0x000000076f780000)
  from space 10752K, 0% used [0x0000000774180000,0x0000000774180000,0x0000000774c00000)
  to   space 10752K, 0% used [0x000000076f780000,0x000000076f780000,0x0000000770200000)
 ParOldGen       total 164864K, used 45404K [0x00000006c2800000, 0x00000006cc900000, 0x000000076b800000)
  object space 164864K, 27% used [0x00000006c2800000,0x00000006c5457090,0x00000006cc900000)
 Metaspace       used 22518K, capacity 23204K, committed 23424K, reserved 1069056K
  class space    used 3135K, capacity 3342K, committed 3456K, reserved 1048576K
Event: 2699.794 GC heap after
Heap after GC invocations=4 (full 1):
 PSYoungGen      total 75776K, used 2144K [0x000000076b800000, 0x0000000774200000, 0x00000007c0000000)
  eden space 65024K, 0% used [0x000000076b800000,0x000000076b800000,0x000000076f780000)
  from space 10752K, 19% used [0x000000076f780000,0x000000076f998000,0x0000000770200000)
  to   space 10752K, 0% used [0x0000000773780000,0x0000000773780000,0x0000000774200000)
 ParOldGen       total 164864K, used 45404K [0x00000006c2800000, 0x00000006cc900000, 0x000000076b800000)
  object space 164864K, 27% used [0x00000006c2800000,0x00000006c5457090,0x00000006cc900000)
 Metaspace       used 22518K, capacity 23204K, committed 23424K, reserved 1069056K
  class space    used 3135K, capacity 3342K, committed 3456K, reserved 1048576K
}
Event: 2707.911 GC heap before
{Heap before GC invocations=5 (full 1):
 PSYoungGen      total 75776K, used 67168K [0x000000076b800000, 0x0000000774200000, 0x00000007c0000000)
  eden space 65024K, 100% used [0x000000076b800000,0x000000076f780000,0x000000076f780000)
  from space 10752K, 19% used [0x000000076f780000,0x000000076f998000,0x0000000770200000)
  to   space 10752K, 0% used [0x0000000773780000,0x0000000773780000,0x0000000774200000)
 ParOldGen       total 164864K, used 45404K [0x00000006c2800000, 0x00000006cc900000, 0x000000076b800000)
  object space 164864K, 27% used [0x00000006c2800000,0x00000006c5457090,0x00000006cc900000)
 Metaspace       used 22574K, capacity 23332K, committed 23680K, reserved 1069056K
  class space    used 3137K, capacity 3342K, committed 3456K, reserved 1048576K
Event: 2708.425 GC heap after
Heap after GC invocations=5 (full 1):
 PSYoungGen      total 113152K, used 2464K [0x000000076b800000, 0x0000000773a00000, 0x00000007c0000000)
  eden space 110592K, 0% used [0x000000076b800000,0x000000076b800000,0x0000000772400000)
  from space 2560K, 96% used [0x0000000773780000,0x00000007739e8000,0x0000000773a00000)
  to   space 10752K, 0% used [0x0000000772500000,0x0000000772500000,0x0000000772f80000)
 ParOldGen       total 164864K, used 45412K [0x00000006c2800000, 0x00000006cc900000, 0x000000076b800000)
  object space 164864K, 27% used [0x00000006c2800000,0x00000006c5459090,0x00000006cc900000)
 Metaspace       used 22574K, capacity 23332K, committed 23680K, reserved 1069056K
  class space    used 3137K, capacity 3342K, committed 3456K, reserved 1048576K
}
Event: 2713.733 GC heap before
{Heap before GC invocations=6 (full 1):
 PSYoungGen      total 113152K, used 113056K [0x000000076b800000, 0x0000000773a00000, 0x00000007c0000000)
  eden space 110592K, 100% used [0x000000076b800000,0x0000000772400000,0x0000000772400000)
  from space 2560K, 96% used [0x0000000773780000,0x00000007739e8000,0x0000000773a00000)
  to   space 10752K, 0% used [0x0000000772500000,0x0000000772500000,0x0000000772f80000)
 ParOldGen       total 164864K, used 45412K [0x00000006c2800000, 0x00000006cc900000, 0x000000076b800000)
  object space 164864K, 27% used [0x00000006c2800000,0x00000006c5459090,0x00000006cc900000)
 Metaspace       used 22617K, capacity 23332K, committed 23680K, reserved 1069056K
  class space    used 3137K, capacity 3342K, committed 3456K, reserved 1048576K
Event: 2714.014 GC heap after
Heap after GC invocations=6 (full 1):
 PSYoungGen      total 121344K, used 2816K [0x000000076b800000, 0x0000000773a00000, 0x00000007c0000000)
  eden space 110592K, 0% used [0x000000076b800000,0x000000076b800000,0x0000000772400000)
  from space 10752K, 26% used [0x0000000772500000,0x00000007727c0000,0x0000000772f80000)
  to   space 2560K, 0% used [0x0000000773780000,0x0000000773780000,0x0000000773a00000)
 ParOldGen       total 164864K, used 45420K [0x00000006c2800000, 0x00000006cc900000, 0x000000076b800000)
  object space 164864K, 27% used [0x00000006c2800000,0x00000006c545b090,0x00000006cc900000)
 Metaspace       used 22617K, capacity 23332K, committed 23680K, reserved 1069056K
  class space    used 3137K, capacity 3342K, committed 3456K, reserved 1048576K
}

