# JRE version: Java(TM) SE Runtime Environment (8.0_181-b13) (build 1.8.0_181-b13)
# Java VM: Java HotSpot(TM) 64-Bit Server VM (25.181-b13 mixed mode windows-amd64 compressed oops)
Heap:
 PSYoungGen      total 123392K, used 45104K [0x000000076b800000, 0x0000000773b00000, 0x00000007c0000000)
  eden space 112640K, 37% used [0x000000076b800000,0x000000076e15c210,0x0000000772600000)
  from space 10752K, 25% used [0x0000000772600000,0x00000007728b0000,0x0000000773080000)
  to   space 3584K, 0% used [0x0000000773780000,0x0000000773780000,0x0000000773b00000)
 ParOldGen       total 164352K, used 45452K [0x00000006c2800000, 0x00000006cc880000, 0x000000076b800000)
  object space 164352K, 27% used [0x00000006c2800000,0x00000006c54631e0,0x00000006cc880000)
 Metaspace       used 22613K, capacity 23336K, committed 23680K, reserved 1069056K
  class space    used 3137K, capacity 3342K, committed 3456K, reserved 1048576K
GC Heap History (10 events):
Event: 5.642 GC heap before
{Heap before GC invocations=2 (full 0):
 PSYoungGen      total 75776K, used 60747K [0x000000076b800000, 0x0000000774c00000, 0x00000007c0000000)
  eden space 65024K, 79% used [0x000000076b800000,0x000000076eaa14a0,0x000000076f780000)
  from space 10752K, 82% used [0x000000076f780000,0x0000000770031a30,0x0000000770200000)
  to   space 10752K, 0% used [0x0000000774180000,0x0000000774180000,0x0000000774c00000)
 ParOldGen       total 173568K, used 20080K [0x00000006c2800000, 0x00000006cd180000, 0x000000076b800000)
  object space 173568K, 11% used [0x00000006c2800000,0x00000006c3b9c030,0x00000006cd180000)
 Metaspace       used 20484K, capacity 21066K, committed 21248K, reserved 1067008K
  class space    used 2751K, capacity 2947K, committed 3072K, reserved 1048576K
Event: 5.658 GC heap after
Heap after GC invocations=2 (full 0):
 PSYoungGen      total 75776K, used 10737K [0x000000076b800000, 0x0000000774c00000, 0x00000007c0000000)
  eden space 65024K, 0% used [0x000000076b800000,0x000000076b800000,0x000000076f780000)
  from space 10752K, 99% used [0x0000000774180000,0x0000000774bfc6f8,0x0000000774c00000)
  to   space 10752K, 0% used [0x000000076f780000,0x000000076f780000,0x0000000770200000)
 ParOldGen       total 173568K, used 34979K [0x00000006c2800000, 0x00000006cd180000, 0x000000076b800000)
  object space 173568K, 20% used [0x00000006c2800000,0x00000006c4a28f58,0x00000006cd180000)
 Metaspace       used 20484K, capacity 21066K, committed 21248K, reserved 1067008K
  class space    used 2751K, capacity 2947K, committed 3072K, reserved 1048576K
}
Event: 5.658 GC heap before
{Heap before GC invocations=3 (full 1):
 PSYoungGen      total 75776K, used 10737K [0x000000076b800000, 0x0000000774c00000, 0x00000007c0000000)
  eden space 65024K, 0% used [0x000000076b800000,0x000000076b800000,0x000000076f780000)
  from space 10752K, 99% used [0x0000000774180000,0x0000000774bfc6f8,0x0000000774c00000)
  to   space 10752K, 0% used [0x000000076f780000,0x000000076f780000,0x0000000770200000)
 ParOldGen       total 173568K, used 34979K [0x00000006c2800000, 0x00000006cd180000, 0x000000076b800000)
  object space 173568K, 20% used [0x00000006c2800000,0x00000006c4a28f58,0x00000006cd180000)
 Metaspace       used 20484K, capacity 21066K, committed 21248K, reserved 1067008K
  class space    used 2751K, capacity 2947K, committed 3072K, reserved 1048576K
Event: 5.700 GC heap after
Heap after GC invocations=3 (full 1):
 PSYoungGen      total 75776K, used 0K [0x000000076b800000, 0x0000000774c00000, 0x00000007c0000000)
  eden space 65024K, 0% used [0x000000076b800000,0x000000076b800000,0x000000076f780000)
  from space 10752K, 0% used [0x0000000774180000,0x0000000774180000,0x0000000774c00000)
  to   space 10752K, 0% used [0x000000076f780000,0x000000076f780000,0x0000000770200000)
 ParOldGen       total 164352K, used 45428K [0x00000006c2800000, 0x00000006cc880000, 0x000000076b800000)
  object space 164352K, 27% used [0x00000006c2800000,0x00000006c545d1e0,0x00000006cc880000)
 Metaspace       used 20484K, capacity 21066K, committed 21248K, reserved 1067008K
  class space    used 2751K, capacity 2947K, committed 3072K, reserved 1048576K
}
Event: 2713.640 GC heap before
{Heap before GC invocations=4 (full 1):
 PSYoungGen      total 75776K, used 65024K [0x000000076b800000, 0x0000000774c00000, 0x00000007c0000000)
  eden space 65024K, 100% used [0x000000076b800000,0x000000076f780000,0x000000076f780000)
  from space 10752K, 0% used [0x0000000774180000,0x0000000774180000,0x0000000774c00000)
  to   space 10752K, 0% used [0x000000076f780000,0x000000076f780000,0x0000000770200000)
 ParOldGen       total 164352K, used 45428K [0x00000006c2800000, 0x00000006cc880000, 0x000000076b800000)
  object space 164352K, 27% used [0x00000006c2800000,0x00000006c545d1e0,0x00000006cc880000)
 Metaspace       used 22522K, capacity 23272K, committed 23424K, reserved 1069056K
  class space    used 3135K, capacity 3342K, committed 3456K, reserved 1048576K
Event: 2714.781 GC heap after
Heap after GC invocations=4 (full 1):
 PSYoungGen      total 75776K, used 2272K [0x000000076b800000, 0x0000000774200000, 0x00000007c0000000)
  eden space 65024K, 0% used [0x000000076b800000,0x000000076b800000,0x000000076f780000)
  from space 10752K, 21% used [0x000000076f780000,0x000000076f9b8000,0x0000000770200000)
  to   space 10752K, 0% used [0x0000000773780000,0x0000000773780000,0x0000000774200000)
 ParOldGen       total 164352K, used 45436K [0x00000006c2800000, 0x00000006cc880000, 0x000000076b800000)
  object space 164352K, 27% used [0x00000006c2800000,0x00000006c545f1e0,0x00000006cc880000)
 Metaspace       used 22522K, capacity 23272K, committed 23424K, reserved 1069056K
  class space    used 3135K, capacity 3342K, committed 3456K, reserved 1048576K
}
Event: 2719.514 GC heap before
{Heap before GC invocations=5 (full 1):
 PSYoungGen      total 75776K, used 67296K [0x000000076b800000, 0x0000000774200000, 0x00000007c0000000)
  eden space 65024K, 100% used [0x000000076b800000,0x000000076f780000,0x000000076f780000)
  from space 10752K, 21% used [0x000000076f780000,0x000000076f9b8000,0x0000000770200000)
  to   space 10752K, 0% used [0x0000000773780000,0x0000000773780000,0x0000000774200000)
 ParOldGen       total 164352K, used 45436K [0x00000006c2800000, 0x00000006cc880000, 0x000000076b800000)
  object space 164352K, 27% used [0x00000006c2800000,0x00000006c545f1e0,0x00000006cc880000)
 Metaspace       used 22573K, capacity 23336K, committed 23680K, reserved 1069056K
  class space    used 3137K, capacity 3342K, committed 3456K, reserved 1048576K
Event: 2719.832 GC heap after
Heap after GC invocations=5 (full 1):
 PSYoungGen      total 116224K, used 2528K [0x000000076b800000, 0x0000000773b00000, 0x00000007c0000000)
  eden space 112640K, 0% used [0x000000076b800000,0x000000076b800000,0x0000000772600000)
  from space 3584K, 70% used [0x0000000773780000,0x00000007739f8000,0x0000000773b00000)
  to   space 10752K, 0% used [0x0000000772600000,0x0000000772600000,0x0000000773080000)
 ParOldGen       total 164352K, used 45444K [0x00000006c2800000, 0x00000006cc880000, 0x000000076b800000)
  object space 164352K, 27% used [0x00000006c2800000,0x00000006c54611e0,0x00000006cc880000)
 Metaspace       used 22573K, capacity 23336K, committed 23680K, reserved 1069056K
  class space    used 3137K, capacity 3342K, committed 3456K, reserved 1048576K
}
Event: 2724.923 GC heap before
{Heap before GC invocations=6 (full 1):
 PSYoungGen      total 116224K, used 115168K [0x000000076b800000, 0x0000000773b00000, 0x00000007c0000000)
  eden space 112640K, 100% used [0x000000076b800000,0x0000000772600000,0x0000000772600000)
  from space 3584K, 70% used [0x0000000773780000,0x00000007739f8000,0x0000000773b00000)
  to   space 10752K, 0% used [0x0000000772600000,0x0000000772600000,0x0000000773080000)
 ParOldGen       total 164352K, used 45444K [0x00000006c2800000, 0x00000006cc880000, 0x000000076b800000)
  object space 164352K, 27% used [0x00000006c2800000,0x00000006c54611e0,0x00000006cc880000)
 Metaspace       used 22607K, capacity 23336K, committed 23680K, reserved 1069056K
  class space    used 3137K, capacity 3342K, committed 3456K, reserved 1048576K
Event: 2725.216 GC heap after
Heap after GC invocations=6 (full 1):
 PSYoungGen      total 123392K, used 2752K [0x000000076b800000, 0x0000000773b00000, 0x00000007c0000000)
  eden space 112640K, 0% used [0x000000076b800000,0x000000076b800000,0x0000000772600000)
  from space 10752K, 25% used [0x0000000772600000,0x00000007728b0000,0x0000000773080000)
  to   space 3584K, 0% used [0x0000000773780000,0x0000000773780000,0x0000000773b00000)
 ParOldGen       total 164352K, used 45452K [0x00000006c2800000, 0x00000006cc880000, 0x000000076b800000)
  object space 164352K, 27% used [0x00000006c2800000,0x00000006c54631e0,0x00000006cc880000)
 Metaspace       used 22607K, capacity 23336K, committed 23680K, reserved 1069056K
  class space    used 3137K, capacity 3342K, committed 3456K, reserved 1048576K
}

