# JRE version: Java(TM) SE Runtime Environment (8.0_181-b13) (build 1.8.0_181-b13)
# Java VM: Java HotSpot(TM) 64-Bit Server VM (25.181-b13 mixed mode windows-amd64 compressed oops)
Heap:
 PSYoungGen      total 126464K, used 28606K [0x000000076b800000, 0x0000000773e00000, 0x00000007c0000000)
  eden space 115712K, 22% used [0x000000076b800000,0x000000076d1138d0,0x0000000772900000)
  from space 10752K, 27% used [0x0000000772900000,0x0000000772bdc230,0x0000000773380000)
  to   space 6656K, 0% used [0x0000000773780000,0x0000000773780000,0x0000000773e00000)
 ParOldGen       total 165376K, used 45488K [0x00000006c2800000, 0x00000006cc980000, 0x000000076b800000)
  object space 165376K, 27% used [0x00000006c2800000,0x00000006c546c010,0x00000006cc980000)
 Metaspace       used 22700K, capacity 23403K, committed 23680K, reserved 1069056K
  class space    used 3150K, capacity 3344K, committed 3456K, reserved 1048576K
GC Heap History (10 events):
Event: 4.599 GC heap before
{Heap before GC invocations=2 (full 0):
 PSYoungGen      total 75776K, used 60763K [0x000000076b800000, 0x0000000774c00000, 0x00000007c0000000)
  eden space 65024K, 79% used [0x000000076b800000,0x000000076eaa5550,0x000000076f780000)
  from space 10752K, 82% used [0x000000076f780000,0x0000000770031a30,0x0000000770200000)
  to   space 10752K, 0% used [0x0000000774180000,0x0000000774180000,0x0000000774c00000)
 ParOldGen       total 173568K, used 20080K [0x00000006c2800000, 0x00000006cd180000, 0x000000076b800000)
  object space 173568K, 11% used [0x00000006c2800000,0x00000006c3b9c030,0x00000006cd180000)
 Metaspace       used 20487K, capacity 21185K, committed 21296K, reserved 1067008K
  class space    used 2748K, capacity 2944K, committed 2944K, reserved 1048576K
Event: 4.617 GC heap after
Heap after GC invocations=2 (full 0):
 PSYoungGen      total 75776K, used 10737K [0x000000076b800000, 0x0000000774c00000, 0x00000007c0000000)
  eden space 65024K, 0% used [0x000000076b800000,0x000000076b800000,0x000000076f780000)
  from space 10752K, 99% used [0x0000000774180000,0x0000000774bfc630,0x0000000774c00000)
  to   space 10752K, 0% used [0x000000076f780000,0x000000076f780000,0x0000000770200000)
 ParOldGen       total 173568K, used 34987K [0x00000006c2800000, 0x00000006cd180000, 0x000000076b800000)
  object space 173568K, 20% used [0x00000006c2800000,0x00000006c4a2ac70,0x00000006cd180000)
 Metaspace       used 20487K, capacity 21185K, committed 21296K, reserved 1067008K
  class space    used 2748K, capacity 2944K, committed 2944K, reserved 1048576K
}
Event: 4.617 GC heap before
{Heap before GC invocations=3 (full 1):
 PSYoungGen      total 75776K, used 10737K [0x000000076b800000, 0x0000000774c00000, 0x00000007c0000000)
  eden space 65024K, 0% used [0x000000076b800000,0x000000076b800000,0x000000076f780000)
  from space 10752K, 99% used [0x0000000774180000,0x0000000774bfc630,0x0000000774c00000)
  to   space 10752K, 0% used [0x000000076f780000,0x000000076f780000,0x0000000770200000)
 ParOldGen       total 173568K, used 34987K [0x00000006c2800000, 0x00000006cd180000, 0x000000076b800000)
  object space 173568K, 20% used [0x00000006c2800000,0x00000006c4a2ac70,0x00000006cd180000)
 Metaspace       used 20487K, capacity 21185K, committed 21296K, reserved 1067008K
  class space    used 2748K, capacity 2944K, committed 2944K, reserved 1048576K
Event: 4.660 GC heap after
Heap after GC invocations=3 (full 1):
 PSYoungGen      total 75776K, used 0K [0x000000076b800000, 0x0000000774c00000, 0x00000007c0000000)
  eden space 65024K, 0% used [0x000000076b800000,0x000000076b800000,0x000000076f780000)
  from space 10752K, 0% used [0x0000000774180000,0x0000000774180000,0x0000000774c00000)
  to   space 10752K, 0% used [0x000000076f780000,0x000000076f780000,0x0000000770200000)
 ParOldGen       total 165376K, used 45464K [0x00000006c2800000, 0x00000006cc980000, 0x000000076b800000)
  object space 165376K, 27% used [0x00000006c2800000,0x00000006c5466010,0x00000006cc980000)
 Metaspace       used 20487K, capacity 21185K, committed 21296K, reserved 1067008K
  class space    used 2748K, capacity 2944K, committed 2944K, reserved 1048576K
}
Event: 2658.707 GC heap before
{Heap before GC invocations=4 (full 1):
 PSYoungGen      total 75776K, used 65024K [0x000000076b800000, 0x0000000774c00000, 0x00000007c0000000)
  eden space 65024K, 100% used [0x000000076b800000,0x000000076f780000,0x000000076f780000)
  from space 10752K, 0% used [0x0000000774180000,0x0000000774180000,0x0000000774c00000)
  to   space 10752K, 0% used [0x000000076f780000,0x000000076f780000,0x0000000770200000)
 ParOldGen       total 165376K, used 45464K [0x00000006c2800000, 0x00000006cc980000, 0x000000076b800000)
  object space 165376K, 27% used [0x00000006c2800000,0x00000006c5466010,0x00000006cc980000)
 Metaspace       used 22597K, capacity 23275K, committed 23424K, reserved 1069056K
  class space    used 3149K, capacity 3344K, committed 3456K, reserved 1048576K
Event: 2659.626 GC heap after
Heap after GC invocations=4 (full 1):
 PSYoungGen      total 75776K, used 2384K [0x000000076b800000, 0x0000000774200000, 0x00000007c0000000)
  eden space 65024K, 0% used [0x000000076b800000,0x000000076b800000,0x000000076f780000)
  from space 10752K, 22% used [0x000000076f780000,0x000000076f9d4230,0x0000000770200000)
  to   space 10752K, 0% used [0x0000000773780000,0x0000000773780000,0x0000000774200000)
 ParOldGen       total 165376K, used 45472K [0x00000006c2800000, 0x00000006cc980000, 0x000000076b800000)
  object space 165376K, 27% used [0x00000006c2800000,0x00000006c5468010,0x00000006cc980000)
 Metaspace       used 22597K, capacity 23275K, committed 23424K, reserved 1069056K
  class space    used 3149K, capacity 3344K, committed 3456K, reserved 1048576K
}
Event: 2664.622 GC heap before
{Heap before GC invocations=5 (full 1):
 PSYoungGen      total 75776K, used 67408K [0x000000076b800000, 0x0000000774200000, 0x00000007c0000000)
  eden space 65024K, 100% used [0x000000076b800000,0x000000076f780000,0x000000076f780000)
  from space 10752K, 22% used [0x000000076f780000,0x000000076f9d4230,0x0000000770200000)
  to   space 10752K, 0% used [0x0000000773780000,0x0000000773780000,0x0000000774200000)
 ParOldGen       total 165376K, used 45472K [0x00000006c2800000, 0x00000006cc980000, 0x000000076b800000)
  object space 165376K, 27% used [0x00000006c2800000,0x00000006c5468010,0x00000006cc980000)
 Metaspace       used 22648K, capacity 23339K, committed 23680K, reserved 1069056K
  class space    used 3150K, capacity 3344K, committed 3456K, reserved 1048576K
Event: 2665.221 GC heap after
Heap after GC invocations=5 (full 1):
 PSYoungGen      total 122368K, used 2544K [0x000000076b800000, 0x0000000773e00000, 0x00000007c0000000)
  eden space 115712K, 0% used [0x000000076b800000,0x000000076b800000,0x0000000772900000)
  from space 6656K, 38% used [0x0000000773780000,0x00000007739fc230,0x0000000773e00000)
  to   space 10752K, 0% used [0x0000000772900000,0x0000000772900000,0x0000000773380000)
 ParOldGen       total 165376K, used 45480K [0x00000006c2800000, 0x00000006cc980000, 0x000000076b800000)
  object space 165376K, 27% used [0x00000006c2800000,0x00000006c546a010,0x00000006cc980000)
 Metaspace       used 22648K, capacity 23339K, committed 23680K, reserved 1069056K
  class space    used 3150K, capacity 3344K, committed 3456K, reserved 1048576K
}
Event: 2669.823 GC heap before
{Heap before GC invocations=6 (full 1):
 PSYoungGen      total 122368K, used 118256K [0x000000076b800000, 0x0000000773e00000, 0x00000007c0000000)
  eden space 115712K, 100% used [0x000000076b800000,0x0000000772900000,0x0000000772900000)
  from space 6656K, 38% used [0x0000000773780000,0x00000007739fc230,0x0000000773e00000)
  to   space 10752K, 0% used [0x0000000772900000,0x0000000772900000,0x0000000773380000)
 ParOldGen       total 165376K, used 45480K [0x00000006c2800000, 0x00000006cc980000, 0x000000076b800000)
  object space 165376K, 27% used [0x00000006c2800000,0x00000006c546a010,0x00000006cc980000)
 Metaspace       used 22690K, capacity 23403K, committed 23680K, reserved 1069056K
  class space    used 3150K, capacity 3344K, committed 3456K, reserved 1048576K
Event: 2669.827 GC heap after
Heap after GC invocations=6 (full 1):
 PSYoungGen      total 126464K, used 2928K [0x000000076b800000, 0x0000000773e00000, 0x00000007c0000000)
  eden space 115712K, 0% used [0x000000076b800000,0x000000076b800000,0x0000000772900000)
  from space 10752K, 27% used [0x0000000772900000,0x0000000772bdc230,0x0000000773380000)
  to   space 6656K, 0% used [0x0000000773780000,0x0000000773780000,0x0000000773e00000)
 ParOldGen       total 165376K, used 45488K [0x00000006c2800000, 0x00000006cc980000, 0x000000076b800000)
  object space 165376K, 27% used [0x00000006c2800000,0x00000006c546c010,0x00000006cc980000)
 Metaspace       used 22690K, capacity 23403K, committed 23680K, reserved 1069056K
  class space    used 3150K, capacity 3344K, committed 3456K, reserved 1048576K
}

