# JRE version: Java(TM) SE Runtime Environment (8.0_181-b13) (build 1.8.0_181-b13)
# Java VM: Java HotSpot(TM) 64-Bit Server VM (25.181-b13 mixed mode windows-amd64 compressed oops)
Heap:
 PSYoungGen      total 117760K, used 15815K [0x000000076b800000, 0x0000000773a00000, 0x00000007c0000000)
  eden space 107008K, 12% used [0x000000076b800000,0x000000076c4b1d80,0x0000000772080000)
  from space 10752K, 26% used [0x0000000772500000,0x00000007727c0000,0x0000000772f80000)
  to   space 2560K, 0% used [0x0000000773780000,0x0000000773780000,0x0000000773a00000)
 ParOldGen       total 168960K, used 45418K [0x00000006c2800000, 0x00000006ccd00000, 0x000000076b800000)
  object space 168960K, 26% used [0x00000006c2800000,0x00000006c545a890,0x00000006ccd00000)
 Metaspace       used 22581K, capacity 23321K, committed 23680K, reserved 1069056K
  class space    used 3134K, capacity 3343K, committed 3456K, reserved 1048576K
GC Heap History (10 events):
Event: 4.216 GC heap before
{Heap before GC invocations=2 (full 0):
 PSYoungGen      total 75776K, used 60579K [0x000000076b800000, 0x0000000774c00000, 0x00000007c0000000)
  eden space 65024K, 79% used [0x000000076b800000,0x000000076ea7f860,0x000000076f780000)
  from space 10752K, 82% used [0x000000076f780000,0x00000007700296c0,0x0000000770200000)
  to   space 10752K, 0% used [0x0000000774180000,0x0000000774180000,0x0000000774c00000)
 ParOldGen       total 173568K, used 20072K [0x00000006c2800000, 0x00000006cd180000, 0x000000076b800000)
  object space 173568K, 11% used [0x00000006c2800000,0x00000006c3b9a030,0x00000006cd180000)
 Metaspace       used 20477K, capacity 21121K, committed 21296K, reserved 1067008K
  class space    used 2748K, capacity 2944K, committed 2944K, reserved 1048576K
Event: 4.232 GC heap after
Heap after GC invocations=2 (full 0):
 PSYoungGen      total 75776K, used 10737K [0x000000076b800000, 0x0000000774c00000, 0x00000007c0000000)
  eden space 65024K, 0% used [0x000000076b800000,0x000000076b800000,0x000000076f780000)
  from space 10752K, 99% used [0x0000000774180000,0x0000000774bfc4b0,0x0000000774c00000)
  to   space 10752K, 0% used [0x000000076f780000,0x000000076f780000,0x0000000770200000)
 ParOldGen       total 173568K, used 34913K [0x00000006c2800000, 0x00000006cd180000, 0x000000076b800000)
  object space 173568K, 20% used [0x00000006c2800000,0x00000006c4a18698,0x00000006cd180000)
 Metaspace       used 20477K, capacity 21121K, committed 21296K, reserved 1067008K
  class space    used 2748K, capacity 2944K, committed 2944K, reserved 1048576K
}
Event: 4.232 GC heap before
{Heap before GC invocations=3 (full 1):
 PSYoungGen      total 75776K, used 10737K [0x000000076b800000, 0x0000000774c00000, 0x00000007c0000000)
  eden space 65024K, 0% used [0x000000076b800000,0x000000076b800000,0x000000076f780000)
  from space 10752K, 99% used [0x0000000774180000,0x0000000774bfc4b0,0x0000000774c00000)
  to   space 10752K, 0% used [0x000000076f780000,0x000000076f780000,0x0000000770200000)
 ParOldGen       total 173568K, used 34913K [0x00000006c2800000, 0x00000006cd180000, 0x000000076b800000)
  object space 173568K, 20% used [0x00000006c2800000,0x00000006c4a18698,0x00000006cd180000)
 Metaspace       used 20477K, capacity 21121K, committed 21296K, reserved 1067008K
  class space    used 2748K, capacity 2944K, committed 2944K, reserved 1048576K
Event: 4.275 GC heap after
Heap after GC invocations=3 (full 1):
 PSYoungGen      total 75776K, used 0K [0x000000076b800000, 0x0000000774c00000, 0x00000007c0000000)
  eden space 65024K, 0% used [0x000000076b800000,0x000000076b800000,0x000000076f780000)
  from space 10752K, 0% used [0x0000000774180000,0x0000000774180000,0x0000000774c00000)
  to   space 10752K, 0% used [0x000000076f780000,0x000000076f780000,0x0000000770200000)
 ParOldGen       total 168960K, used 45394K [0x00000006c2800000, 0x00000006ccd00000, 0x000000076b800000)
  object space 168960K, 26% used [0x00000006c2800000,0x00000006c5454890,0x00000006ccd00000)
 Metaspace       used 20477K, capacity 21121K, committed 21296K, reserved 1067008K
  class space    used 2748K, capacity 2944K, committed 2944K, reserved 1048576K
}
Event: 2963.861 GC heap before
{Heap before GC invocations=4 (full 1):
 PSYoungGen      total 75776K, used 65024K [0x000000076b800000, 0x0000000774c00000, 0x00000007c0000000)
  eden space 65024K, 100% used [0x000000076b800000,0x000000076f780000,0x000000076f780000)
  from space 10752K, 0% used [0x0000000774180000,0x0000000774180000,0x0000000774c00000)
  to   space 10752K, 0% used [0x000000076f780000,0x000000076f780000,0x0000000770200000)
 ParOldGen       total 168960K, used 45394K [0x00000006c2800000, 0x00000006ccd00000, 0x000000076b800000)
  object space 168960K, 26% used [0x00000006c2800000,0x00000006c5454890,0x00000006ccd00000)
 Metaspace       used 22487K, capacity 23193K, committed 23424K, reserved 1069056K
  class space    used 3134K, capacity 3343K, committed 3456K, reserved 1048576K
Event: 2965.678 GC heap after
Heap after GC invocations=4 (full 1):
 PSYoungGen      total 75776K, used 2336K [0x000000076b800000, 0x0000000774200000, 0x00000007c0000000)
  eden space 65024K, 0% used [0x000000076b800000,0x000000076b800000,0x000000076f780000)
  from space 10752K, 21% used [0x000000076f780000,0x000000076f9c8000,0x0000000770200000)
  to   space 10752K, 0% used [0x0000000773780000,0x0000000773780000,0x0000000774200000)
 ParOldGen       total 168960K, used 45402K [0x00000006c2800000, 0x00000006ccd00000, 0x000000076b800000)
  object space 168960K, 26% used [0x00000006c2800000,0x00000006c5456890,0x00000006ccd00000)
 Metaspace       used 22487K, capacity 23193K, committed 23424K, reserved 1069056K
  class space    used 3134K, capacity 3343K, committed 3456K, reserved 1048576K
}
Event: 2971.198 GC heap before
{Heap before GC invocations=5 (full 1):
 PSYoungGen      total 75776K, used 67360K [0x000000076b800000, 0x0000000774200000, 0x00000007c0000000)
  eden space 65024K, 100% used [0x000000076b800000,0x000000076f780000,0x000000076f780000)
  from space 10752K, 21% used [0x000000076f780000,0x000000076f9c8000,0x0000000770200000)
  to   space 10752K, 0% used [0x0000000773780000,0x0000000773780000,0x0000000774200000)
 ParOldGen       total 168960K, used 45402K [0x00000006c2800000, 0x00000006ccd00000, 0x000000076b800000)
  object space 168960K, 26% used [0x00000006c2800000,0x00000006c5456890,0x00000006ccd00000)
 Metaspace       used 22550K, capacity 23321K, committed 23680K, reserved 1069056K
  class space    used 3134K, capacity 3343K, committed 3456K, reserved 1048576K
Event: 2971.532 GC heap after
Heap after GC invocations=5 (full 1):
 PSYoungGen      total 109568K, used 2496K [0x000000076b800000, 0x0000000773a00000, 0x00000007c0000000)
  eden space 107008K, 0% used [0x000000076b800000,0x000000076b800000,0x0000000772080000)
  from space 2560K, 97% used [0x0000000773780000,0x00000007739f0000,0x0000000773a00000)
  to   space 10752K, 0% used [0x0000000772500000,0x0000000772500000,0x0000000772f80000)
 ParOldGen       total 168960K, used 45410K [0x00000006c2800000, 0x00000006ccd00000, 0x000000076b800000)
  object space 168960K, 26% used [0x00000006c2800000,0x00000006c5458890,0x00000006ccd00000)
 Metaspace       used 22550K, capacity 23321K, committed 23680K, reserved 1069056K
  class space    used 3134K, capacity 3343K, committed 3456K, reserved 1048576K
}
Event: 2975.545 GC heap before
{Heap before GC invocations=6 (full 1):
 PSYoungGen      total 109568K, used 109504K [0x000000076b800000, 0x0000000773a00000, 0x00000007c0000000)
  eden space 107008K, 100% used [0x000000076b800000,0x0000000772080000,0x0000000772080000)
  from space 2560K, 97% used [0x0000000773780000,0x00000007739f0000,0x0000000773a00000)
  to   space 10752K, 0% used [0x0000000772500000,0x0000000772500000,0x0000000772f80000)
 ParOldGen       total 168960K, used 45410K [0x00000006c2800000, 0x00000006ccd00000, 0x000000076b800000)
  object space 168960K, 26% used [0x00000006c2800000,0x00000006c5458890,0x00000006ccd00000)
 Metaspace       used 22581K, capacity 23321K, committed 23680K, reserved 1069056K
  class space    used 3134K, capacity 3343K, committed 3456K, reserved 1048576K
Event: 2975.897 GC heap after
Heap after GC invocations=6 (full 1):
 PSYoungGen      total 117760K, used 2816K [0x000000076b800000, 0x0000000773a00000, 0x00000007c0000000)
  eden space 107008K, 0% used [0x000000076b800000,0x000000076b800000,0x0000000772080000)
  from space 10752K, 26% used [0x0000000772500000,0x00000007727c0000,0x0000000772f80000)
  to   space 2560K, 0% used [0x0000000773780000,0x0000000773780000,0x0000000773a00000)
 ParOldGen       total 168960K, used 45418K [0x00000006c2800000, 0x00000006ccd00000, 0x000000076b800000)
  object space 168960K, 26% used [0x00000006c2800000,0x00000006c545a890,0x00000006ccd00000)
 Metaspace       used 22581K, capacity 23321K, committed 23680K, reserved 1069056K
  class space    used 3134K, capacity 3343K, committed 3456K, reserved 1048576K
}

