# JRE version: Java(TM) SE Runtime Environment (8.0_181-b13) (build 1.8.0_181-b13)
# Java VM: Java HotSpot(TM) 64-Bit Server VM (25.181-b13 mixed mode windows-amd64 compressed oops)
Heap:
 PSYoungGen      total 113664K, used 106741K [0x000000076b800000, 0x0000000773a00000, 0x00000007c0000000)
  eden space 111104K, 93% used [0x000000076b800000,0x0000000771de5760,0x0000000772480000)
  from space 2560K, 93% used [0x0000000773780000,0x00000007739d8000,0x0000000773a00000)
  to   space 10752K, 0% used [0x0000000772500000,0x0000000772500000,0x0000000772f80000)
 ParOldGen       total 168960K, used 45391K [0x00000006c2800000, 0x00000006ccd00000, 0x000000076b800000)
  object space 168960K, 26% used [0x00000006c2800000,0x00000006c5453d58,0x00000006ccd00000)
 Metaspace       used 22569K, capacity 23257K, committed 23424K, reserved 1069056K
  class space    used 3132K, capacity 3343K, committed 3456K, reserved 1048576K
GC Heap History (10 events):
Event: 0.902 GC heap before
{Heap before GC invocations=1 (full 0):
 PSYoungGen      total 75776K, used 56909K [0x000000076b800000, 0x0000000770c80000, 0x00000007c0000000)
  eden space 65024K, 87% used [0x000000076b800000,0x000000076ef934b0,0x000000076f780000)
  from space 10752K, 0% used [0x0000000770200000,0x0000000770200000,0x0000000770c80000)
  to   space 10752K, 0% used [0x000000076f780000,0x000000076f780000,0x0000000770200000)
 ParOldGen       total 173568K, used 0K [0x00000006c2800000, 0x00000006cd180000, 0x000000076b800000)
  object space 173568K, 0% used [0x00000006c2800000,0x00000006c2800000,0x00000006cd180000)
 Metaspace       used 11636K, capacity 12042K, committed 12288K, reserved 1060864K
  class space    used 1554K, capacity 1673K, committed 1792K, reserved 1048576K
Event: 0.912 GC heap after
Heap after GC invocations=1 (full 0):
 PSYoungGen      total 75776K, used 8886K [0x000000076b800000, 0x0000000774c00000, 0x00000007c0000000)
  eden space 65024K, 0% used [0x000000076b800000,0x000000076b800000,0x000000076f780000)
  from space 10752K, 82% used [0x000000076f780000,0x000000077002da20,0x0000000770200000)
  to   space 10752K, 0% used [0x0000000774180000,0x0000000774180000,0x0000000774c00000)
 ParOldGen       total 173568K, used 20080K [0x00000006c2800000, 0x00000006cd180000, 0x000000076b800000)
  object space 173568K, 11% used [0x00000006c2800000,0x00000006c3b9c030,0x00000006cd180000)
 Metaspace       used 11636K, capacity 12042K, committed 12288K, reserved 1060864K
  class space    used 1554K, capacity 1673K, committed 1792K, reserved 1048576K
}
Event: 4.460 GC heap before
{Heap before GC invocations=2 (full 0):
 PSYoungGen      total 75776K, used 60310K [0x000000076b800000, 0x0000000774c00000, 0x00000007c0000000)
  eden space 65024K, 79% used [0x000000076b800000,0x000000076ea38040,0x000000076f780000)
  from space 10752K, 82% used [0x000000076f780000,0x000000077002da20,0x0000000770200000)
  to   space 10752K, 0% used [0x0000000774180000,0x0000000774180000,0x0000000774c00000)
 ParOldGen       total 173568K, used 20080K [0x00000006c2800000, 0x00000006cd180000, 0x000000076b800000)
  object space 173568K, 11% used [0x00000006c2800000,0x00000006c3b9c030,0x00000006cd180000)
 Metaspace       used 20494K, capacity 21121K, committed 21296K, reserved 1067008K
  class space    used 2749K, capacity 2944K, committed 2944K, reserved 1048576K
Event: 4.477 GC heap after
Heap after GC invocations=2 (full 0):
 PSYoungGen      total 75776K, used 10735K [0x000000076b800000, 0x0000000774c00000, 0x00000007c0000000)
  eden space 65024K, 0% used [0x000000076b800000,0x000000076b800000,0x000000076f780000)
  from space 10752K, 99% used [0x0000000774180000,0x0000000774bfbc70,0x0000000774c00000)
  to   space 10752K, 0% used [0x000000076f780000,0x000000076f780000,0x0000000770200000)
 ParOldGen       total 173568K, used 34936K [0x00000006c2800000, 0x00000006cd180000, 0x000000076b800000)
  object space 173568K, 20% used [0x00000006c2800000,0x00000006c4a1e330,0x00000006cd180000)
 Metaspace       used 20494K, capacity 21121K, committed 21296K, reserved 1067008K
  class space    used 2749K, capacity 2944K, committed 2944K, reserved 1048576K
}
Event: 4.477 GC heap before
{Heap before GC invocations=3 (full 1):
 PSYoungGen      total 75776K, used 10735K [0x000000076b800000, 0x0000000774c00000, 0x00000007c0000000)
  eden space 65024K, 0% used [0x000000076b800000,0x000000076b800000,0x000000076f780000)
  from space 10752K, 99% used [0x0000000774180000,0x0000000774bfbc70,0x0000000774c00000)
  to   space 10752K, 0% used [0x000000076f780000,0x000000076f780000,0x0000000770200000)
 ParOldGen       total 173568K, used 34936K [0x00000006c2800000, 0x00000006cd180000, 0x000000076b800000)
  object space 173568K, 20% used [0x00000006c2800000,0x00000006c4a1e330,0x00000006cd180000)
 Metaspace       used 20494K, capacity 21121K, committed 21296K, reserved 1067008K
  class space    used 2749K, capacity 2944K, committed 2944K, reserved 1048576K
Event: 4.522 GC heap after
Heap after GC invocations=3 (full 1):
 PSYoungGen      total 75776K, used 0K [0x000000076b800000, 0x0000000774c00000, 0x00000007c0000000)
  eden space 65024K, 0% used [0x000000076b800000,0x000000076b800000,0x000000076f780000)
  from space 10752K, 0% used [0x0000000774180000,0x0000000774180000,0x0000000774c00000)
  to   space 10752K, 0% used [0x000000076f780000,0x000000076f780000,0x0000000770200000)
 ParOldGen       total 168960K, used 45375K [0x00000006c2800000, 0x00000006ccd00000, 0x000000076b800000)
  object space 168960K, 26% used [0x00000006c2800000,0x00000006c544fd58,0x00000006ccd00000)
 Metaspace       used 20494K, capacity 21121K, committed 21296K, reserved 1067008K
  class space    used 2749K, capacity 2944K, committed 2944K, reserved 1048576K
}
Event: 3024.244 GC heap before
{Heap before GC invocations=4 (full 1):
 PSYoungGen      total 75776K, used 65024K [0x000000076b800000, 0x0000000774c00000, 0x00000007c0000000)
  eden space 65024K, 100% used [0x000000076b800000,0x000000076f780000,0x000000076f780000)
  from space 10752K, 0% used [0x0000000774180000,0x0000000774180000,0x0000000774c00000)
  to   space 10752K, 0% used [0x000000076f780000,0x000000076f780000,0x0000000770200000)
 ParOldGen       total 168960K, used 45375K [0x00000006c2800000, 0x00000006ccd00000, 0x000000076b800000)
  object space 168960K, 26% used [0x00000006c2800000,0x00000006c544fd58,0x00000006ccd00000)
 Metaspace       used 22496K, capacity 23257K, committed 23424K, reserved 1069056K
  class space    used 3131K, capacity 3343K, committed 3456K, reserved 1048576K
Event: 3025.354 GC heap after
Heap after GC invocations=4 (full 1):
 PSYoungGen      total 75776K, used 2176K [0x000000076b800000, 0x0000000774200000, 0x00000007c0000000)
  eden space 65024K, 0% used [0x000000076b800000,0x000000076b800000,0x000000076f780000)
  from space 10752K, 20% used [0x000000076f780000,0x000000076f9a0000,0x0000000770200000)
  to   space 10752K, 0% used [0x0000000773780000,0x0000000773780000,0x0000000774200000)
 ParOldGen       total 168960K, used 45383K [0x00000006c2800000, 0x00000006ccd00000, 0x000000076b800000)
  object space 168960K, 26% used [0x00000006c2800000,0x00000006c5451d58,0x00000006ccd00000)
 Metaspace       used 22496K, capacity 23257K, committed 23424K, reserved 1069056K
  class space    used 3131K, capacity 3343K, committed 3456K, reserved 1048576K
}
Event: 3030.849 GC heap before
{Heap before GC invocations=5 (full 1):
 PSYoungGen      total 75776K, used 67200K [0x000000076b800000, 0x0000000774200000, 0x00000007c0000000)
  eden space 65024K, 100% used [0x000000076b800000,0x000000076f780000,0x000000076f780000)
  from space 10752K, 20% used [0x000000076f780000,0x000000076f9a0000,0x0000000770200000)
  to   space 10752K, 0% used [0x0000000773780000,0x0000000773780000,0x0000000774200000)
 ParOldGen       total 168960K, used 45383K [0x00000006c2800000, 0x00000006ccd00000, 0x000000076b800000)
  object space 168960K, 26% used [0x00000006c2800000,0x00000006c5451d58,0x00000006ccd00000)
 Metaspace       used 22538K, capacity 23257K, committed 23424K, reserved 1069056K
  class space    used 3132K, capacity 3343K, committed 3456K, reserved 1048576K
Event: 3031.321 GC heap after
Heap after GC invocations=5 (full 1):
 PSYoungGen      total 113664K, used 2400K [0x000000076b800000, 0x0000000773a00000, 0x00000007c0000000)
  eden space 111104K, 0% used [0x000000076b800000,0x000000076b800000,0x0000000772480000)
  from space 2560K, 93% used [0x0000000773780000,0x00000007739d8000,0x0000000773a00000)
  to   space 10752K, 0% used [0x0000000772500000,0x0000000772500000,0x0000000772f80000)
 ParOldGen       total 168960K, used 45391K [0x00000006c2800000, 0x00000006ccd00000, 0x000000076b800000)
  object space 168960K, 26% used [0x00000006c2800000,0x00000006c5453d58,0x00000006ccd00000)
 Metaspace       used 22538K, capacity 23257K, committed 23424K, reserved 1069056K
  class space    used 3132K, capacity 3343K, committed 3456K, reserved 1048576K
}

