# JRE version: Java(TM) SE Runtime Environment (8.0_181-b13) (build 1.8.0_181-b13)
# Java VM: Java HotSpot(TM) 64-Bit Server VM (25.181-b13 mixed mode windows-amd64 compressed oops)
Heap:
 PSYoungGen      total 117248K, used 60769K [0x000000076b800000, 0x0000000776200000, 0x00000007c0000000)
  eden space 94720K, 60% used [0x000000076b800000,0x000000076efb4310,0x0000000771480000)
  from space 22528K, 16% used [0x0000000771480000,0x0000000771824230,0x0000000772a80000)
  to   space 21504K, 0% used [0x0000000774d00000,0x0000000774d00000,0x0000000776200000)
 ParOldGen       total 167424K, used 45421K [0x00000006c2800000, 0x00000006ccb80000, 0x000000076b800000)
  object space 167424K, 27% used [0x00000006c2800000,0x00000006c545b7e0,0x00000006ccb80000)
 Metaspace       used 22677K, capacity 23384K, committed 23680K, reserved 1069056K
  class space    used 3140K, capacity 3340K, committed 3456K, reserved 1048576K
GC Heap History (10 events):
Event: 167.570 GC heap before
{Heap before GC invocations=6 (full 1):
 PSYoungGen      total 67584K, used 67168K [0x000000076b800000, 0x0000000773a00000, 0x00000007c0000000)
  eden space 65024K, 100% used [0x000000076b800000,0x000000076f780000,0x000000076f780000)
  from space 2560K, 83% used [0x0000000773780000,0x0000000773998000,0x0000000773a00000)
  to   space 10752K, 0% used [0x0000000772500000,0x0000000772500000,0x0000000772f80000)
 ParOldGen       total 167424K, used 45397K [0x00000006c2800000, 0x00000006ccb80000, 0x000000076b800000)
  object space 167424K, 27% used [0x00000006c2800000,0x00000006c54557e0,0x00000006ccb80000)
 Metaspace       used 22548K, capacity 23314K, committed 23680K, reserved 1069056K
  class space    used 3138K, capacity 3339K, committed 3456K, reserved 1048576K
Event: 167.630 GC heap after
Heap after GC invocations=6 (full 1):
 PSYoungGen      total 108032K, used 2400K [0x000000076b800000, 0x0000000774d00000, 0x00000007c0000000)
  eden space 97280K, 0% used [0x000000076b800000,0x000000076b800000,0x0000000771700000)
  from space 10752K, 22% used [0x0000000772500000,0x0000000772758000,0x0000000772f80000)
  to   space 27648K, 0% used [0x0000000773200000,0x0000000773200000,0x0000000774d00000)
 ParOldGen       total 167424K, used 45397K [0x00000006c2800000, 0x00000006ccb80000, 0x000000076b800000)
  object space 167424K, 27% used [0x00000006c2800000,0x00000006c54557e0,0x00000006ccb80000)
 Metaspace       used 22548K, capacity 23314K, committed 23680K, reserved 1069056K
  class space    used 3138K, capacity 3339K, committed 3456K, reserved 1048576K
}
Event: 172.131 GC heap before
{Heap before GC invocations=7 (full 1):
 PSYoungGen      total 108032K, used 99680K [0x000000076b800000, 0x0000000774d00000, 0x00000007c0000000)
  eden space 97280K, 100% used [0x000000076b800000,0x0000000771700000,0x0000000771700000)
  from space 10752K, 22% used [0x0000000772500000,0x0000000772758000,0x0000000772f80000)
  to   space 27648K, 0% used [0x0000000773200000,0x0000000773200000,0x0000000774d00000)
 ParOldGen       total 167424K, used 45397K [0x00000006c2800000, 0x00000006ccb80000, 0x000000076b800000)
  object space 167424K, 27% used [0x00000006c2800000,0x00000006c54557e0,0x00000006ccb80000)
 Metaspace       used 22587K, capacity 23314K, committed 23680K, reserved 1069056K
  class space    used 3138K, capacity 3339K, committed 3456K, reserved 1048576K
Event: 172.136 GC heap after
Heap after GC invocations=7 (full 1):
 PSYoungGen      total 116736K, used 2976K [0x000000076b800000, 0x0000000774700000, 0x00000007c0000000)
  eden space 95232K, 0% used [0x000000076b800000,0x000000076b800000,0x0000000771500000)
  from space 21504K, 13% used [0x0000000773200000,0x00000007734e8000,0x0000000774700000)
  to   space 25600K, 0% used [0x0000000771500000,0x0000000771500000,0x0000000772e00000)
 ParOldGen       total 167424K, used 45405K [0x00000006c2800000, 0x00000006ccb80000, 0x000000076b800000)
  object space 167424K, 27% used [0x00000006c2800000,0x00000006c54577e0,0x00000006ccb80000)
 Metaspace       used 22587K, capacity 23314K, committed 23680K, reserved 1069056K
  class space    used 3138K, capacity 3339K, committed 3456K, reserved 1048576K
}
Event: 176.325 GC heap before
{Heap before GC invocations=8 (full 1):
 PSYoungGen      total 116736K, used 98208K [0x000000076b800000, 0x0000000774700000, 0x00000007c0000000)
  eden space 95232K, 100% used [0x000000076b800000,0x0000000771500000,0x0000000771500000)
  from space 21504K, 13% used [0x0000000773200000,0x00000007734e8000,0x0000000774700000)
  to   space 25600K, 0% used [0x0000000771500000,0x0000000771500000,0x0000000772e00000)
 ParOldGen       total 167424K, used 45405K [0x00000006c2800000, 0x00000006ccb80000, 0x000000076b800000)
  object space 167424K, 27% used [0x00000006c2800000,0x00000006c54577e0,0x00000006ccb80000)
 Metaspace       used 22610K, capacity 23314K, committed 23680K, reserved 1069056K
  class space    used 3138K, capacity 3339K, committed 3456K, reserved 1048576K
Event: 176.374 GC heap after
Heap after GC invocations=8 (full 1):
 PSYoungGen      total 96768K, used 3232K [0x000000076b800000, 0x0000000774200000, 0x00000007c0000000)
  eden space 93184K, 0% used [0x000000076b800000,0x000000076b800000,0x0000000771300000)
  from space 3584K, 90% used [0x0000000771500000,0x0000000771828000,0x0000000771880000)
  to   space 24064K, 0% used [0x0000000772a80000,0x0000000772a80000,0x0000000774200000)
 ParOldGen       total 167424K, used 45405K [0x00000006c2800000, 0x00000006ccb80000, 0x000000076b800000)
  object space 167424K, 27% used [0x00000006c2800000,0x00000006c54577e0,0x00000006ccb80000)
 Metaspace       used 22610K, capacity 23314K, committed 23680K, reserved 1069056K
  class space    used 3138K, capacity 3339K, committed 3456K, reserved 1048576K
}
Event: 179.462 GC heap before
{Heap before GC invocations=9 (full 1):
 PSYoungGen      total 96768K, used 96416K [0x000000076b800000, 0x0000000774200000, 0x00000007c0000000)
  eden space 93184K, 100% used [0x000000076b800000,0x0000000771300000,0x0000000771300000)
  from space 3584K, 90% used [0x0000000771500000,0x0000000771828000,0x0000000771880000)
  to   space 24064K, 0% used [0x0000000772a80000,0x0000000772a80000,0x0000000774200000)
 ParOldGen       total 167424K, used 45405K [0x00000006c2800000, 0x00000006ccb80000, 0x000000076b800000)
  object space 167424K, 27% used [0x00000006c2800000,0x00000006c54577e0,0x00000006ccb80000)
 Metaspace       used 22613K, capacity 23314K, committed 23680K, reserved 1069056K
  class space    used 3138K, capacity 3339K, committed 3456K, reserved 1048576K
Event: 179.641 GC heap after
Heap after GC invocations=9 (full 1):
 PSYoungGen      total 118784K, used 3648K [0x000000076b800000, 0x0000000777f00000, 0x00000007c0000000)
  eden space 94720K, 0% used [0x000000076b800000,0x000000076b800000,0x0000000771480000)
  from space 24064K, 15% used [0x0000000772a80000,0x0000000772e10000,0x0000000774200000)
  to   space 22528K, 0% used [0x0000000771480000,0x0000000771480000,0x0000000772a80000)
 ParOldGen       total 167424K, used 45413K [0x00000006c2800000, 0x00000006ccb80000, 0x000000076b800000)
  object space 167424K, 27% used [0x00000006c2800000,0x00000006c54597e0,0x00000006ccb80000)
 Metaspace       used 22613K, capacity 23314K, committed 23680K, reserved 1069056K
  class space    used 3138K, capacity 3339K, committed 3456K, reserved 1048576K
}
Event: 3502.154 GC heap before
{Heap before GC invocations=10 (full 1):
 PSYoungGen      total 118784K, used 98368K [0x000000076b800000, 0x0000000777f00000, 0x00000007c0000000)
  eden space 94720K, 100% used [0x000000076b800000,0x0000000771480000,0x0000000771480000)
  from space 24064K, 15% used [0x0000000772a80000,0x0000000772e10000,0x0000000774200000)
  to   space 22528K, 0% used [0x0000000771480000,0x0000000771480000,0x0000000772a80000)
 ParOldGen       total 167424K, used 45413K [0x00000006c2800000, 0x00000006ccb80000, 0x000000076b800000)
  object space 167424K, 27% used [0x00000006c2800000,0x00000006c54597e0,0x00000006ccb80000)
 Metaspace       used 22662K, capacity 23384K, committed 23680K, reserved 1069056K
  class space    used 3140K, capacity 3340K, committed 3456K, reserved 1048576K
Event: 3502.778 GC heap after
Heap after GC invocations=10 (full 1):
 PSYoungGen      total 117248K, used 3728K [0x000000076b800000, 0x0000000776200000, 0x00000007c0000000)
  eden space 94720K, 0% used [0x000000076b800000,0x000000076b800000,0x0000000771480000)
  from space 22528K, 16% used [0x0000000771480000,0x0000000771824230,0x0000000772a80000)
  to   space 21504K, 0% used [0x0000000774d00000,0x0000000774d00000,0x0000000776200000)
 ParOldGen       total 167424K, used 45421K [0x00000006c2800000, 0x00000006ccb80000, 0x000000076b800000)
  object space 167424K, 27% used [0x00000006c2800000,0x00000006c545b7e0,0x00000006ccb80000)
 Metaspace       used 22662K, capacity 23384K, committed 23680K, reserved 1069056K
  class space    used 3140K, capacity 3340K, committed 3456K, reserved 1048576K
}

