# JRE version: Java(TM) SE Runtime Environment (8.0_181-b13) (build 1.8.0_181-b13)
# Java VM: Java HotSpot(TM) 64-Bit Server VM (25.181-b13 mixed mode windows-amd64 compressed oops)
Heap:
 PSYoungGen      total 125440K, used 36954K [0x000000076b800000, 0x0000000773d00000, 0x00000007c0000000)
  eden space 114688K, 30% used [0x000000076b800000,0x000000076d99e9c8,0x0000000772800000)
  from space 10752K, 23% used [0x0000000772800000,0x0000000772a78000,0x0000000773280000)
  to   space 5632K, 0% used [0x0000000773780000,0x0000000773780000,0x0000000773d00000)
 ParOldGen       total 166400K, used 45391K [0x00000006c2800000, 0x00000006cca80000, 0x000000076b800000)
  object space 166400K, 27% used [0x00000006c2800000,0x00000006c5453d18,0x00000006cca80000)
 Metaspace       used 22584K, capacity 23333K, committed 23680K, reserved 1069056K
  class space    used 3136K, capacity 3343K, committed 3456K, reserved 1048576K
GC Heap History (10 events):
Event: 4.429 GC heap before
{Heap before GC invocations=2 (full 0):
 PSYoungGen      total 75776K, used 60602K [0x000000076b800000, 0x0000000774c00000, 0x00000007c0000000)
  eden space 65024K, 79% used [0x000000076b800000,0x000000076ea89398,0x000000076f780000)
  from space 10752K, 82% used [0x000000076f780000,0x00000007700256d0,0x0000000770200000)
  to   space 10752K, 0% used [0x0000000774180000,0x0000000774180000,0x0000000774c00000)
 ParOldGen       total 173568K, used 20080K [0x00000006c2800000, 0x00000006cd180000, 0x000000076b800000)
  object space 173568K, 11% used [0x00000006c2800000,0x00000006c3b9c030,0x00000006cd180000)
 Metaspace       used 20457K, capacity 21121K, committed 21296K, reserved 1067008K
  class space    used 2748K, capacity 2944K, committed 2944K, reserved 1048576K
Event: 4.447 GC heap after
Heap after GC invocations=2 (full 0):
 PSYoungGen      total 75776K, used 10746K [0x000000076b800000, 0x0000000774c00000, 0x00000007c0000000)
  eden space 65024K, 0% used [0x000000076b800000,0x000000076b800000,0x000000076f780000)
  from space 10752K, 99% used [0x0000000774180000,0x0000000774bfe970,0x0000000774c00000)
  to   space 10752K, 0% used [0x000000076f780000,0x000000076f780000,0x0000000770200000)
 ParOldGen       total 173568K, used 34935K [0x00000006c2800000, 0x00000006cd180000, 0x000000076b800000)
  object space 173568K, 20% used [0x00000006c2800000,0x00000006c4a1de48,0x00000006cd180000)
 Metaspace       used 20457K, capacity 21121K, committed 21296K, reserved 1067008K
  class space    used 2748K, capacity 2944K, committed 2944K, reserved 1048576K
}
Event: 4.447 GC heap before
{Heap before GC invocations=3 (full 1):
 PSYoungGen      total 75776K, used 10746K [0x000000076b800000, 0x0000000774c00000, 0x00000007c0000000)
  eden space 65024K, 0% used [0x000000076b800000,0x000000076b800000,0x000000076f780000)
  from space 10752K, 99% used [0x0000000774180000,0x0000000774bfe970,0x0000000774c00000)
  to   space 10752K, 0% used [0x000000076f780000,0x000000076f780000,0x0000000770200000)
 ParOldGen       total 173568K, used 34935K [0x00000006c2800000, 0x00000006cd180000, 0x000000076b800000)
  object space 173568K, 20% used [0x00000006c2800000,0x00000006c4a1de48,0x00000006cd180000)
 Metaspace       used 20457K, capacity 21121K, committed 21296K, reserved 1067008K
  class space    used 2748K, capacity 2944K, committed 2944K, reserved 1048576K
Event: 4.491 GC heap after
Heap after GC invocations=3 (full 1):
 PSYoungGen      total 75776K, used 0K [0x000000076b800000, 0x0000000774c00000, 0x00000007c0000000)
  eden space 65024K, 0% used [0x000000076b800000,0x000000076b800000,0x000000076f780000)
  from space 10752K, 0% used [0x0000000774180000,0x0000000774180000,0x0000000774c00000)
  to   space 10752K, 0% used [0x000000076f780000,0x000000076f780000,0x0000000770200000)
 ParOldGen       total 166400K, used 45375K [0x00000006c2800000, 0x00000006cca80000, 0x000000076b800000)
  object space 166400K, 27% used [0x00000006c2800000,0x00000006c544fd18,0x00000006cca80000)
 Metaspace       used 20457K, capacity 21121K, committed 21296K, reserved 1067008K
  class space    used 2748K, capacity 2944K, committed 2944K, reserved 1048576K
}
Event: 1289.014 GC heap before
{Heap before GC invocations=4 (full 1):
 PSYoungGen      total 75776K, used 65024K [0x000000076b800000, 0x0000000774c00000, 0x00000007c0000000)
  eden space 65024K, 100% used [0x000000076b800000,0x000000076f780000,0x000000076f780000)
  from space 10752K, 0% used [0x0000000774180000,0x0000000774180000,0x0000000774c00000)
  to   space 10752K, 0% used [0x000000076f780000,0x000000076f780000,0x0000000770200000)
 ParOldGen       total 166400K, used 45375K [0x00000006c2800000, 0x00000006cca80000, 0x000000076b800000)
  object space 166400K, 27% used [0x00000006c2800000,0x00000006c544fd18,0x00000006cca80000)
 Metaspace       used 22501K, capacity 23205K, committed 23424K, reserved 1069056K
  class space    used 3135K, capacity 3343K, committed 3456K, reserved 1048576K
Event: 1289.813 GC heap after
Heap after GC invocations=4 (full 1):
 PSYoungGen      total 75776K, used 2272K [0x000000076b800000, 0x0000000774200000, 0x00000007c0000000)
  eden space 65024K, 0% used [0x000000076b800000,0x000000076b800000,0x000000076f780000)
  from space 10752K, 21% used [0x000000076f780000,0x000000076f9b8000,0x0000000770200000)
  to   space 10752K, 0% used [0x0000000773780000,0x0000000773780000,0x0000000774200000)
 ParOldGen       total 166400K, used 45383K [0x00000006c2800000, 0x00000006cca80000, 0x000000076b800000)
  object space 166400K, 27% used [0x00000006c2800000,0x00000006c5451d18,0x00000006cca80000)
 Metaspace       used 22501K, capacity 23205K, committed 23424K, reserved 1069056K
  class space    used 3135K, capacity 3343K, committed 3456K, reserved 1048576K
}
Event: 1293.568 GC heap before
{Heap before GC invocations=5 (full 1):
 PSYoungGen      total 75776K, used 67296K [0x000000076b800000, 0x0000000774200000, 0x00000007c0000000)
  eden space 65024K, 100% used [0x000000076b800000,0x000000076f780000,0x000000076f780000)
  from space 10752K, 21% used [0x000000076f780000,0x000000076f9b8000,0x0000000770200000)
  to   space 10752K, 0% used [0x0000000773780000,0x0000000773780000,0x0000000774200000)
 ParOldGen       total 166400K, used 45383K [0x00000006c2800000, 0x00000006cca80000, 0x000000076b800000)
  object space 166400K, 27% used [0x00000006c2800000,0x00000006c5451d18,0x00000006cca80000)
 Metaspace       used 22548K, capacity 23333K, committed 23680K, reserved 1069056K
  class space    used 3136K, capacity 3343K, committed 3456K, reserved 1048576K
Event: 1293.993 GC heap after
Heap after GC invocations=5 (full 1):
 PSYoungGen      total 120320K, used 2336K [0x000000076b800000, 0x0000000773d00000, 0x00000007c0000000)
  eden space 114688K, 0% used [0x000000076b800000,0x000000076b800000,0x0000000772800000)
  from space 5632K, 41% used [0x0000000773780000,0x00000007739c8000,0x0000000773d00000)
  to   space 10752K, 0% used [0x0000000772800000,0x0000000772800000,0x0000000773280000)
 ParOldGen       total 166400K, used 45383K [0x00000006c2800000, 0x00000006cca80000, 0x000000076b800000)
  object space 166400K, 27% used [0x00000006c2800000,0x00000006c5451d18,0x00000006cca80000)
 Metaspace       used 22548K, capacity 23333K, committed 23680K, reserved 1069056K
  class space    used 3136K, capacity 3343K, committed 3456K, reserved 1048576K
}
Event: 1298.343 GC heap before
{Heap before GC invocations=6 (full 1):
 PSYoungGen      total 120320K, used 117024K [0x000000076b800000, 0x0000000773d00000, 0x00000007c0000000)
  eden space 114688K, 100% used [0x000000076b800000,0x0000000772800000,0x0000000772800000)
  from space 5632K, 41% used [0x0000000773780000,0x00000007739c8000,0x0000000773d00000)
  to   space 10752K, 0% used [0x0000000772800000,0x0000000772800000,0x0000000773280000)
 ParOldGen       total 166400K, used 45383K [0x00000006c2800000, 0x00000006cca80000, 0x000000076b800000)
  object space 166400K, 27% used [0x00000006c2800000,0x00000006c5451d18,0x00000006cca80000)
 Metaspace       used 22582K, capacity 23333K, committed 23680K, reserved 1069056K
  class space    used 3136K, capacity 3343K, committed 3456K, reserved 1048576K
Event: 1298.619 GC heap after
Heap after GC invocations=6 (full 1):
 PSYoungGen      total 125440K, used 2528K [0x000000076b800000, 0x0000000773d00000, 0x00000007c0000000)
  eden space 114688K, 0% used [0x000000076b800000,0x000000076b800000,0x0000000772800000)
  from space 10752K, 23% used [0x0000000772800000,0x0000000772a78000,0x0000000773280000)
  to   space 5632K, 0% used [0x0000000773780000,0x0000000773780000,0x0000000773d00000)
 ParOldGen       total 166400K, used 45391K [0x00000006c2800000, 0x00000006cca80000, 0x000000076b800000)
  object space 166400K, 27% used [0x00000006c2800000,0x00000006c5453d18,0x00000006cca80000)
 Metaspace       used 22582K, capacity 23333K, committed 23680K, reserved 1069056K
  class space    used 3136K, capacity 3343K, committed 3456K, reserved 1048576K
}

