# JRE version: Java(TM) SE Runtime Environment (8.0_181-b13) (build 1.8.0_181-b13)
# Java VM: Java HotSpot(TM) 64-Bit Server VM (25.181-b13 mixed mode windows-amd64 compressed oops)
Heap:
 PSYoungGen      total 122368K, used 66950K [0x000000076b800000, 0x000000077ab00000, 0x00000007c0000000)
  eden space 111616K, 57% used [0x000000076b800000,0x000000076f6b98f0,0x0000000772500000)
  from space 10752K, 25% used [0x0000000772500000,0x00000007727a8000,0x0000000772f80000)
  to   space 27648K, 0% used [0x0000000779000000,0x0000000779000000,0x000000077ab00000)
 ParOldGen       total 165888K, used 45399K [0x00000006c2800000, 0x00000006cca00000, 0x000000076b800000)
  object space 165888K, 27% used [0x00000006c2800000,0x00000006c5455ed0,0x00000006cca00000)
 Metaspace       used 22616K, capacity 23337K, committed 23680K, reserved 1069056K
  class space    used 3135K, capacity 3343K, committed 3456K, reserved 1048576K
GC Heap History (10 events):
Event: 4.229 GC heap before
{Heap before GC invocations=2 (full 0):
 PSYoungGen      total 75776K, used 60589K [0x000000076b800000, 0x0000000774c00000, 0x00000007c0000000)
  eden space 65024K, 79% used [0x000000076b800000,0x000000076ea81cb0,0x000000076f780000)
  from space 10752K, 82% used [0x000000076f780000,0x0000000770029a30,0x0000000770200000)
  to   space 10752K, 0% used [0x0000000774180000,0x0000000774180000,0x0000000774c00000)
 ParOldGen       total 173568K, used 20080K [0x00000006c2800000, 0x00000006cd180000, 0x000000076b800000)
  object space 173568K, 11% used [0x00000006c2800000,0x00000006c3b9c030,0x00000006cd180000)
 Metaspace       used 20472K, capacity 21125K, committed 21296K, reserved 1067008K
  class space    used 2748K, capacity 2944K, committed 2944K, reserved 1048576K
Event: 4.247 GC heap after
Heap after GC invocations=2 (full 0):
 PSYoungGen      total 75776K, used 10736K [0x000000076b800000, 0x0000000774c00000, 0x00000007c0000000)
  eden space 65024K, 0% used [0x000000076b800000,0x000000076b800000,0x000000076f780000)
  from space 10752K, 99% used [0x0000000774180000,0x0000000774bfc358,0x0000000774c00000)
  to   space 10752K, 0% used [0x000000076f780000,0x000000076f780000,0x0000000770200000)
 ParOldGen       total 173568K, used 34926K [0x00000006c2800000, 0x00000006cd180000, 0x000000076b800000)
  object space 173568K, 20% used [0x00000006c2800000,0x00000006c4a1ba48,0x00000006cd180000)
 Metaspace       used 20472K, capacity 21125K, committed 21296K, reserved 1067008K
  class space    used 2748K, capacity 2944K, committed 2944K, reserved 1048576K
}
Event: 4.247 GC heap before
{Heap before GC invocations=3 (full 1):
 PSYoungGen      total 75776K, used 10736K [0x000000076b800000, 0x0000000774c00000, 0x00000007c0000000)
  eden space 65024K, 0% used [0x000000076b800000,0x000000076b800000,0x000000076f780000)
  from space 10752K, 99% used [0x0000000774180000,0x0000000774bfc358,0x0000000774c00000)
  to   space 10752K, 0% used [0x000000076f780000,0x000000076f780000,0x0000000770200000)
 ParOldGen       total 173568K, used 34926K [0x00000006c2800000, 0x00000006cd180000, 0x000000076b800000)
  object space 173568K, 20% used [0x00000006c2800000,0x00000006c4a1ba48,0x00000006cd180000)
 Metaspace       used 20472K, capacity 21125K, committed 21296K, reserved 1067008K
  class space    used 2748K, capacity 2944K, committed 2944K, reserved 1048576K
Event: 4.289 GC heap after
Heap after GC invocations=3 (full 1):
 PSYoungGen      total 75776K, used 0K [0x000000076b800000, 0x0000000774c00000, 0x00000007c0000000)
  eden space 65024K, 0% used [0x000000076b800000,0x000000076b800000,0x000000076f780000)
  from space 10752K, 0% used [0x0000000774180000,0x0000000774180000,0x0000000774c00000)
  to   space 10752K, 0% used [0x000000076f780000,0x000000076f780000,0x0000000770200000)
 ParOldGen       total 165888K, used 45383K [0x00000006c2800000, 0x00000006cca00000, 0x000000076b800000)
  object space 165888K, 27% used [0x00000006c2800000,0x00000006c5451ed0,0x00000006cca00000)
 Metaspace       used 20472K, capacity 21125K, committed 21296K, reserved 1067008K
  class space    used 2748K, capacity 2944K, committed 2944K, reserved 1048576K
}
Event: 2680.429 GC heap before
{Heap before GC invocations=4 (full 1):
 PSYoungGen      total 75776K, used 65024K [0x000000076b800000, 0x0000000774c00000, 0x00000007c0000000)
  eden space 65024K, 100% used [0x000000076b800000,0x000000076f780000,0x000000076f780000)
  from space 10752K, 0% used [0x0000000774180000,0x0000000774180000,0x0000000774c00000)
  to   space 10752K, 0% used [0x000000076f780000,0x000000076f780000,0x0000000770200000)
 ParOldGen       total 165888K, used 45383K [0x00000006c2800000, 0x00000006cca00000, 0x000000076b800000)
  object space 165888K, 27% used [0x00000006c2800000,0x00000006c5451ed0,0x00000006cca00000)
 Metaspace       used 22479K, capacity 23205K, committed 23424K, reserved 1069056K
  class space    used 3134K, capacity 3343K, committed 3456K, reserved 1048576K
Event: 2683.221 GC heap after
Heap after GC invocations=4 (full 1):
 PSYoungGen      total 75776K, used 2080K [0x000000076b800000, 0x0000000774200000, 0x00000007c0000000)
  eden space 65024K, 0% used [0x000000076b800000,0x000000076b800000,0x000000076f780000)
  from space 10752K, 19% used [0x000000076f780000,0x000000076f988000,0x0000000770200000)
  to   space 10752K, 0% used [0x0000000773780000,0x0000000773780000,0x0000000774200000)
 ParOldGen       total 165888K, used 45383K [0x00000006c2800000, 0x00000006cca00000, 0x000000076b800000)
  object space 165888K, 27% used [0x00000006c2800000,0x00000006c5451ed0,0x00000006cca00000)
 Metaspace       used 22479K, capacity 23205K, committed 23424K, reserved 1069056K
  class space    used 3134K, capacity 3343K, committed 3456K, reserved 1048576K
}
Event: 2691.899 GC heap before
{Heap before GC invocations=5 (full 1):
 PSYoungGen      total 75776K, used 67104K [0x000000076b800000, 0x0000000774200000, 0x00000007c0000000)
  eden space 65024K, 100% used [0x000000076b800000,0x000000076f780000,0x000000076f780000)
  from space 10752K, 19% used [0x000000076f780000,0x000000076f988000,0x0000000770200000)
  to   space 10752K, 0% used [0x0000000773780000,0x0000000773780000,0x0000000774200000)
 ParOldGen       total 165888K, used 45383K [0x00000006c2800000, 0x00000006cca00000, 0x000000076b800000)
  object space 165888K, 27% used [0x00000006c2800000,0x00000006c5451ed0,0x00000006cca00000)
 Metaspace       used 22549K, capacity 23337K, committed 23680K, reserved 1069056K
  class space    used 3135K, capacity 3343K, committed 3456K, reserved 1048576K
Event: 2692.427 GC heap after
Heap after GC invocations=5 (full 1):
 PSYoungGen      total 111104K, used 2432K [0x000000076b800000, 0x0000000773a00000, 0x00000007c0000000)
  eden space 108544K, 0% used [0x000000076b800000,0x000000076b800000,0x0000000772200000)
  from space 2560K, 95% used [0x0000000773780000,0x00000007739e0000,0x0000000773a00000)
  to   space 10752K, 0% used [0x0000000772500000,0x0000000772500000,0x0000000772f80000)
 ParOldGen       total 165888K, used 45391K [0x00000006c2800000, 0x00000006cca00000, 0x000000076b800000)
  object space 165888K, 27% used [0x00000006c2800000,0x00000006c5453ed0,0x00000006cca00000)
 Metaspace       used 22549K, capacity 23337K, committed 23680K, reserved 1069056K
  class space    used 3135K, capacity 3343K, committed 3456K, reserved 1048576K
}
Event: 2697.103 GC heap before
{Heap before GC invocations=6 (full 1):
 PSYoungGen      total 111104K, used 110976K [0x000000076b800000, 0x0000000773a00000, 0x00000007c0000000)
  eden space 108544K, 100% used [0x000000076b800000,0x0000000772200000,0x0000000772200000)
  from space 2560K, 95% used [0x0000000773780000,0x00000007739e0000,0x0000000773a00000)
  to   space 10752K, 0% used [0x0000000772500000,0x0000000772500000,0x0000000772f80000)
 ParOldGen       total 165888K, used 45391K [0x00000006c2800000, 0x00000006cca00000, 0x000000076b800000)
  object space 165888K, 27% used [0x00000006c2800000,0x00000006c5453ed0,0x00000006cca00000)
 Metaspace       used 22605K, capacity 23337K, committed 23680K, reserved 1069056K
  class space    used 3135K, capacity 3343K, committed 3456K, reserved 1048576K
Event: 2697.527 GC heap after
Heap after GC invocations=6 (full 1):
 PSYoungGen      total 122368K, used 2720K [0x000000076b800000, 0x000000077ab00000, 0x00000007c0000000)
  eden space 111616K, 0% used [0x000000076b800000,0x000000076b800000,0x0000000772500000)
  from space 10752K, 25% used [0x0000000772500000,0x00000007727a8000,0x0000000772f80000)
  to   space 27648K, 0% used [0x0000000779000000,0x0000000779000000,0x000000077ab00000)
 ParOldGen       total 165888K, used 45399K [0x00000006c2800000, 0x00000006cca00000, 0x000000076b800000)
  object space 165888K, 27% used [0x00000006c2800000,0x00000006c5455ed0,0x00000006cca00000)
 Metaspace       used 22605K, capacity 23337K, committed 23680K, reserved 1069056K
  class space    used 3135K, capacity 3343K, committed 3456K, reserved 1048576K
}

