# JRE version: Java(TM) SE Runtime Environment (8.0_181-b13) (build 1.8.0_181-b13)
# Java VM: Java HotSpot(TM) 64-Bit Server VM (25.181-b13 mixed mode windows-amd64 compressed oops)
Heap:
 PSYoungGen      total 152576K, used 116411K [0x000000076b800000, 0x0000000776780000, 0x00000007c0000000)
  eden space 133632K, 84% used [0x000000076b800000,0x0000000772637180,0x0000000773a80000)
  from space 18944K, 18% used [0x0000000775500000,0x0000000775877d18,0x0000000776780000)
  to   space 23040K, 0% used [0x0000000773a80000,0x0000000773a80000,0x0000000775100000)
 ParOldGen       total 167424K, used 60201K [0x00000006c2800000, 0x00000006ccb80000, 0x000000076b800000)
  object space 167424K, 35% used [0x00000006c2800000,0x00000006c62ca760,0x00000006ccb80000)
 Metaspace       used 28480K, capacity 29735K, committed 29824K, reserved 1075200K
  class space    used 3867K, capacity 4154K, committed 4224K, reserved 1048576K
GC Heap History (10 events):
Event: 189.894 GC heap before
{Heap before GC invocations=7 (full 1):
 PSYoungGen      total 74752K, used 74731K [0x000000076b800000, 0x0000000773800000, 0x00000007c0000000)
  eden space 64000K, 100% used [0x000000076b800000,0x000000076f680000,0x000000076f680000)
  from space 10752K, 99% used [0x0000000772c00000,0x000000077367af08,0x0000000773680000)
  to   space 1536K, 0% used [0x0000000773680000,0x0000000773680000,0x0000000773800000)
 ParOldGen       total 167424K, used 45673K [0x00000006c2800000, 0x00000006ccb80000, 0x000000076b800000)
  object space 167424K, 27% used [0x00000006c2800000,0x00000006c549a540,0x00000006ccb80000)
 Metaspace       used 28282K, capacity 29527K, committed 29824K, reserved 1075200K
  class space    used 3864K, capacity 4152K, committed 4224K, reserved 1048576K
Event: 189.906 GC heap after
Heap after GC invocations=7 (full 1):
 PSYoungGen      total 64512K, used 1521K [0x000000076b800000, 0x0000000773800000, 0x00000007c0000000)
  eden space 62976K, 0% used [0x000000076b800000,0x000000076b800000,0x000000076f580000)
  from space 1536K, 99% used [0x0000000773680000,0x00000007737fc650,0x0000000773800000)
  to   space 23040K, 0% used [0x0000000770b00000,0x0000000770b00000,0x0000000772180000)
 ParOldGen       total 167424K, used 56145K [0x00000006c2800000, 0x00000006ccb80000, 0x000000076b800000)
  object space 167424K, 33% used [0x00000006c2800000,0x00000006c5ed4680,0x00000006ccb80000)
 Metaspace       used 28282K, capacity 29527K, committed 29824K, reserved 1075200K
  class space    used 3864K, capacity 4152K, committed 4224K, reserved 1048576K
}
Event: 192.852 GC heap before
{Heap before GC invocations=8 (full 1):
 PSYoungGen      total 64512K, used 64497K [0x000000076b800000, 0x0000000773800000, 0x00000007c0000000)
  eden space 62976K, 100% used [0x000000076b800000,0x000000076f580000,0x000000076f580000)
  from space 1536K, 99% used [0x0000000773680000,0x00000007737fc650,0x0000000773800000)
  to   space 23040K, 0% used [0x0000000770b00000,0x0000000770b00000,0x0000000772180000)
 ParOldGen       total 167424K, used 56145K [0x00000006c2800000, 0x00000006ccb80000, 0x000000076b800000)
  object space 167424K, 33% used [0x00000006c2800000,0x00000006c5ed4680,0x00000006ccb80000)
 Metaspace       used 28311K, capacity 29527K, committed 29824K, reserved 1075200K
  class space    used 3864K, capacity 4152K, committed 4224K, reserved 1048576K
Event: 192.930 GC heap after
Heap after GC invocations=8 (full 1):
 PSYoungGen      total 108032K, used 2890K [0x000000076b800000, 0x0000000774600000, 0x00000007c0000000)
  eden space 84992K, 0% used [0x000000076b800000,0x000000076b800000,0x0000000770b00000)
  from space 23040K, 12% used [0x0000000770b00000,0x0000000770dd2968,0x0000000772180000)
  to   space 24064K, 0% used [0x0000000772e80000,0x0000000772e80000,0x0000000774600000)
 ParOldGen       total 167424K, used 56145K [0x00000006c2800000, 0x00000006ccb80000, 0x000000076b800000)
  object space 167424K, 33% used [0x00000006c2800000,0x00000006c5ed4680,0x00000006ccb80000)
 Metaspace       used 28311K, capacity 29527K, committed 29824K, reserved 1075200K
  class space    used 3864K, capacity 4152K, committed 4224K, reserved 1048576K
}
Event: 195.948 GC heap before
{Heap before GC invocations=9 (full 1):
 PSYoungGen      total 108032K, used 87882K [0x000000076b800000, 0x0000000774600000, 0x00000007c0000000)
  eden space 84992K, 100% used [0x000000076b800000,0x0000000770b00000,0x0000000770b00000)
  from space 23040K, 12% used [0x0000000770b00000,0x0000000770dd2968,0x0000000772180000)
  to   space 24064K, 0% used [0x0000000772e80000,0x0000000772e80000,0x0000000774600000)
 ParOldGen       total 167424K, used 56145K [0x00000006c2800000, 0x00000006ccb80000, 0x000000076b800000)
  object space 167424K, 33% used [0x00000006c2800000,0x00000006c5ed4680,0x00000006ccb80000)
 Metaspace       used 28348K, capacity 29597K, committed 29824K, reserved 1075200K
  class space    used 3865K, capacity 4153K, committed 4224K, reserved 1048576K
Event: 196.052 GC heap after
Heap after GC invocations=9 (full 1):
 PSYoungGen      total 121344K, used 3519K [0x000000076b800000, 0x0000000776f80000, 0x00000007c0000000)
  eden space 97280K, 0% used [0x000000076b800000,0x000000076b800000,0x0000000771700000)
  from space 24064K, 14% used [0x0000000772e80000,0x00000007731efe18,0x0000000774600000)
  to   space 24064K, 0% used [0x0000000771700000,0x0000000771700000,0x0000000772e80000)
 ParOldGen       total 167424K, used 57017K [0x00000006c2800000, 0x00000006ccb80000, 0x000000076b800000)
  object space 167424K, 34% used [0x00000006c2800000,0x00000006c5fae760,0x00000006ccb80000)
 Metaspace       used 28348K, capacity 29597K, committed 29824K, reserved 1075200K
  class space    used 3865K, capacity 4153K, committed 4224K, reserved 1048576K
}
Event: 198.711 GC heap before
{Heap before GC invocations=10 (full 1):
 PSYoungGen      total 121344K, used 100799K [0x000000076b800000, 0x0000000776f80000, 0x00000007c0000000)
  eden space 97280K, 100% used [0x000000076b800000,0x0000000771700000,0x0000000771700000)
  from space 24064K, 14% used [0x0000000772e80000,0x00000007731efe18,0x0000000774600000)
  to   space 24064K, 0% used [0x0000000771700000,0x0000000771700000,0x0000000772e80000)
 ParOldGen       total 167424K, used 57017K [0x00000006c2800000, 0x00000006ccb80000, 0x000000076b800000)
  object space 167424K, 34% used [0x00000006c2800000,0x00000006c5fae760,0x00000006ccb80000)
 Metaspace       used 28402K, capacity 29661K, committed 29824K, reserved 1075200K
  class space    used 3865K, capacity 4153K, committed 4224K, reserved 1048576K
Event: 198.797 GC heap after
Heap after GC invocations=10 (full 1):
 PSYoungGen      total 121344K, used 4447K [0x000000076b800000, 0x0000000776c00000, 0x00000007c0000000)
  eden space 97280K, 0% used [0x000000076b800000,0x000000076b800000,0x0000000771700000)
  from space 24064K, 18% used [0x0000000771700000,0x0000000771b57e18,0x0000000772e80000)
  to   space 23552K, 0% used [0x0000000775500000,0x0000000775500000,0x0000000776c00000)
 ParOldGen       total 167424K, used 57577K [0x00000006c2800000, 0x00000006ccb80000, 0x000000076b800000)
  object space 167424K, 34% used [0x00000006c2800000,0x00000006c603a760,0x00000006ccb80000)
 Metaspace       used 28402K, capacity 29661K, committed 29824K, reserved 1075200K
  class space    used 3865K, capacity 4153K, committed 4224K, reserved 1048576K
}
Event: 3519.011 GC heap before
{Heap before GC invocations=11 (full 1):
 PSYoungGen      total 121344K, used 101727K [0x000000076b800000, 0x0000000776c00000, 0x00000007c0000000)
  eden space 97280K, 100% used [0x000000076b800000,0x0000000771700000,0x0000000771700000)
  from space 24064K, 18% used [0x0000000771700000,0x0000000771b57e18,0x0000000772e80000)
  to   space 23552K, 0% used [0x0000000775500000,0x0000000775500000,0x0000000776c00000)
 ParOldGen       total 167424K, used 57577K [0x00000006c2800000, 0x00000006ccb80000, 0x000000076b800000)
  object space 167424K, 34% used [0x00000006c2800000,0x00000006c603a760,0x00000006ccb80000)
 Metaspace       used 28456K, capacity 29735K, committed 29824K, reserved 1075200K
  class space    used 3866K, capacity 4154K, committed 4224K, reserved 1048576K
Event: 3520.340 GC heap after
Heap after GC invocations=11 (full 1):
 PSYoungGen      total 152576K, used 3551K [0x000000076b800000, 0x0000000776780000, 0x00000007c0000000)
  eden space 133632K, 0% used [0x000000076b800000,0x000000076b800000,0x0000000773a80000)
  from space 18944K, 18% used [0x0000000775500000,0x0000000775877d18,0x0000000776780000)
  to   space 23040K, 0% used [0x0000000773a80000,0x0000000773a80000,0x0000000775100000)
 ParOldGen       total 167424K, used 60201K [0x00000006c2800000, 0x00000006ccb80000, 0x000000076b800000)
  object space 167424K, 35% used [0x00000006c2800000,0x00000006c62ca760,0x00000006ccb80000)
 Metaspace       used 28456K, capacity 29735K, committed 29824K, reserved 1075200K
  class space    used 3866K, capacity 4154K, committed 4224K, reserved 1048576K
}

