# JRE version: Java(TM) SE Runtime Environment (8.0_181-b13) (build 1.8.0_181-b13)
# Java VM: Java HotSpot(TM) 64-Bit Server VM (25.181-b13 mixed mode windows-amd64 compressed oops)
Heap:
 PSYoungGen      total 140800K, used 59029K [0x000000076b800000, 0x0000000778a00000, 0x00000007c0000000)
  eden space 130048K, 37% used [0x000000076b800000,0x000000076e7b09a0,0x0000000773700000)
  from space 10752K, 94% used [0x0000000773700000,0x00000007740f4d98,0x0000000774180000)
  to   space 10752K, 0% used [0x0000000777f80000,0x0000000777f80000,0x0000000778a00000)
 ParOldGen       total 159232K, used 45322K [0x00000006c2800000, 0x00000006cc380000, 0x000000076b800000)
  object space 159232K, 28% used [0x00000006c2800000,0x00000006c5442840,0x00000006cc380000)
 Metaspace       used 28401K, capacity 29628K, committed 29824K, reserved 1075200K
  class space    used 3859K, capacity 4120K, committed 4224K, reserved 1048576K
GC Heap History (8 events):
Event: 2.412 GC heap before
{Heap before GC invocations=1 (full 0):
 PSYoungGen      total 75776K, used 56908K [0x000000076b800000, 0x0000000770c80000, 0x00000007c0000000)
  eden space 65024K, 87% used [0x000000076b800000,0x000000076ef93398,0x000000076f780000)
  from space 10752K, 0% used [0x0000000770200000,0x0000000770200000,0x0000000770c80000)
  to   space 10752K, 0% used [0x000000076f780000,0x000000076f780000,0x0000000770200000)
 ParOldGen       total 173568K, used 0K [0x00000006c2800000, 0x00000006cd180000, 0x000000076b800000)
  object space 173568K, 0% used [0x00000006c2800000,0x00000006c2800000,0x00000006cd180000)
 Metaspace       used 11687K, capacity 12054K, committed 12288K, reserved 1060864K
  class space    used 1553K, capacity 1673K, committed 1792K, reserved 1048576K
Event: 2.541 GC heap after
Heap after GC invocations=1 (full 0):
 PSYoungGen      total 75776K, used 8902K [0x000000076b800000, 0x0000000774c00000, 0x00000007c0000000)
  eden space 65024K, 0% used [0x000000076b800000,0x000000076b800000,0x000000076f780000)
  from space 10752K, 82% used [0x000000076f780000,0x0000000770031a40,0x0000000770200000)
  to   space 10752K, 0% used [0x0000000774180000,0x0000000774180000,0x0000000774c00000)
 ParOldGen       total 173568K, used 20000K [0x00000006c2800000, 0x00000006cd180000, 0x000000076b800000)
  object space 173568K, 11% used [0x00000006c2800000,0x00000006c3b88020,0x00000006cd180000)
 Metaspace       used 11687K, capacity 12054K, committed 12288K, reserved 1060864K
  class space    used 1553K, capacity 1673K, committed 1792K, reserved 1048576K
}
Event: 9.412 GC heap before
{Heap before GC invocations=2 (full 0):
 PSYoungGen      total 75776K, used 61271K [0x000000076b800000, 0x0000000774c00000, 0x00000007c0000000)
  eden space 65024K, 80% used [0x000000076b800000,0x000000076eb243f8,0x000000076f780000)
  from space 10752K, 82% used [0x000000076f780000,0x0000000770031a40,0x0000000770200000)
  to   space 10752K, 0% used [0x0000000774180000,0x0000000774180000,0x0000000774c00000)
 ParOldGen       total 173568K, used 20000K [0x00000006c2800000, 0x00000006cd180000, 0x000000076b800000)
  object space 173568K, 11% used [0x00000006c2800000,0x00000006c3b88020,0x00000006cd180000)
 Metaspace       used 20515K, capacity 21164K, committed 21296K, reserved 1067008K
  class space    used 2748K, capacity 2914K, committed 2944K, reserved 1048576K
Event: 9.494 GC heap after
Heap after GC invocations=2 (full 0):
 PSYoungGen      total 140800K, used 10736K [0x000000076b800000, 0x0000000774c00000, 0x00000007c0000000)
  eden space 130048K, 0% used [0x000000076b800000,0x000000076b800000,0x0000000773700000)
  from space 10752K, 99% used [0x0000000774180000,0x0000000774bfc270,0x0000000774c00000)
  to   space 10752K, 0% used [0x0000000773700000,0x0000000773700000,0x0000000774180000)
 ParOldGen       total 173568K, used 34845K [0x00000006c2800000, 0x00000006cd180000, 0x000000076b800000)
  object space 173568K, 20% used [0x00000006c2800000,0x00000006c4a07778,0x00000006cd180000)
 Metaspace       used 20515K, capacity 21164K, committed 21296K, reserved 1067008K
  class space    used 2748K, capacity 2914K, committed 2944K, reserved 1048576K
}
Event: 9.494 GC heap before
{Heap before GC invocations=3 (full 1):
 PSYoungGen      total 140800K, used 10736K [0x000000076b800000, 0x0000000774c00000, 0x00000007c0000000)
  eden space 130048K, 0% used [0x000000076b800000,0x000000076b800000,0x0000000773700000)
  from space 10752K, 99% used [0x0000000774180000,0x0000000774bfc270,0x0000000774c00000)
  to   space 10752K, 0% used [0x0000000773700000,0x0000000773700000,0x0000000774180000)
 ParOldGen       total 173568K, used 34845K [0x00000006c2800000, 0x00000006cd180000, 0x000000076b800000)
  object space 173568K, 20% used [0x00000006c2800000,0x00000006c4a07778,0x00000006cd180000)
 Metaspace       used 20515K, capacity 21164K, committed 21296K, reserved 1067008K
  class space    used 2748K, capacity 2914K, committed 2944K, reserved 1048576K
Event: 9.713 GC heap after
Heap after GC invocations=3 (full 1):
 PSYoungGen      total 140800K, used 0K [0x000000076b800000, 0x0000000774c00000, 0x00000007c0000000)
  eden space 130048K, 0% used [0x000000076b800000,0x000000076b800000,0x0000000773700000)
  from space 10752K, 0% used [0x0000000774180000,0x0000000774180000,0x0000000774c00000)
  to   space 10752K, 0% used [0x0000000773700000,0x0000000773700000,0x0000000774180000)
 ParOldGen       total 159232K, used 45314K [0x00000006c2800000, 0x00000006cc380000, 0x000000076b800000)
  object space 159232K, 28% used [0x00000006c2800000,0x00000006c5440840,0x00000006cc380000)
 Metaspace       used 20512K, capacity 21156K, committed 21296K, reserved 1067008K
  class space    used 2747K, capacity 2912K, committed 2944K, reserved 1048576K
}
Event: 3333.224 GC heap before
{Heap before GC invocations=4 (full 1):
 PSYoungGen      total 140800K, used 130048K [0x000000076b800000, 0x0000000774c00000, 0x00000007c0000000)
  eden space 130048K, 100% used [0x000000076b800000,0x0000000773700000,0x0000000773700000)
  from space 10752K, 0% used [0x0000000774180000,0x0000000774180000,0x0000000774c00000)
  to   space 10752K, 0% used [0x0000000773700000,0x0000000773700000,0x0000000774180000)
 ParOldGen       total 159232K, used 45314K [0x00000006c2800000, 0x00000006cc380000, 0x000000076b800000)
  object space 159232K, 28% used [0x00000006c2800000,0x00000006c5440840,0x00000006cc380000)
 Metaspace       used 28317K, capacity 29500K, committed 29824K, reserved 1075200K
  class space    used 3858K, capacity 4120K, committed 4224K, reserved 1048576K
Event: 3334.170 GC heap after
Heap after GC invocations=4 (full 1):
 PSYoungGen      total 140800K, used 10195K [0x000000076b800000, 0x0000000778a00000, 0x00000007c0000000)
  eden space 130048K, 0% used [0x000000076b800000,0x000000076b800000,0x0000000773700000)
  from space 10752K, 94% used [0x0000000773700000,0x00000007740f4d98,0x0000000774180000)
  to   space 10752K, 0% used [0x0000000777f80000,0x0000000777f80000,0x0000000778a00000)
 ParOldGen       total 159232K, used 45322K [0x00000006c2800000, 0x00000006cc380000, 0x000000076b800000)
  object space 159232K, 28% used [0x00000006c2800000,0x00000006c5442840,0x00000006cc380000)
 Metaspace       used 28317K, capacity 29500K, committed 29824K, reserved 1075200K
  class space    used 3858K, capacity 4120K, committed 4224K, reserved 1048576K
}

