# JRE version: Java(TM) SE Runtime Environment (8.0_181-b13) (build 1.8.0_181-b13)
# Java VM: Java HotSpot(TM) 64-Bit Server VM (25.181-b13 mixed mode windows-amd64 compressed oops)
Heap:
 PSYoungGen      total 95232K, used 11750K [0x000000076b800000, 0x0000000773e80000, 0x00000007c0000000)
  eden space 88064K, 5% used [0x000000076b800000,0x000000076bc7ce08,0x0000000770e00000)
  from space 7168K, 99% used [0x0000000773780000,0x0000000773e7cab0,0x0000000773e80000)
  to   space 10752K, 0% used [0x0000000772980000,0x0000000772980000,0x0000000773400000)
 ParOldGen       total 165888K, used 45314K [0x00000006c2800000, 0x00000006cca00000, 0x000000076b800000)
  object space 165888K, 27% used [0x00000006c2800000,0x00000006c5440850,0x00000006cca00000)
 Metaspace       used 27830K, capacity 29010K, committed 29184K, reserved 1075200K
  class space    used 3828K, capacity 4091K, committed 4096K, reserved 1048576K
GC Heap History (10 events):
Event: 0.990 GC heap before
{Heap before GC invocations=1 (full 0):
 PSYoungGen      total 75776K, used 56910K [0x000000076b800000, 0x0000000770c80000, 0x00000007c0000000)
  eden space 65024K, 87% used [0x000000076b800000,0x000000076ef939d0,0x000000076f780000)
  from space 10752K, 0% used [0x0000000770200000,0x0000000770200000,0x0000000770c80000)
  to   space 10752K, 0% used [0x000000076f780000,0x000000076f780000,0x0000000770200000)
 ParOldGen       total 173568K, used 0K [0x00000006c2800000, 0x00000006cd180000, 0x000000076b800000)
  object space 173568K, 0% used [0x00000006c2800000,0x00000006c2800000,0x00000006cd180000)
 Metaspace       used 11640K, capacity 12042K, committed 12288K, reserved 1060864K
  class space    used 1553K, capacity 1673K, committed 1792K, reserved 1048576K
Event: 1.002 GC heap after
Heap after GC invocations=1 (full 0):
 PSYoungGen      total 75776K, used 8821K [0x000000076b800000, 0x0000000774c00000, 0x00000007c0000000)
  eden space 65024K, 0% used [0x000000076b800000,0x000000076b800000,0x000000076f780000)
  from space 10752K, 82% used [0x000000076f780000,0x000000077001d6d0,0x0000000770200000)
  to   space 10752K, 0% used [0x0000000774180000,0x0000000774180000,0x0000000774c00000)
 ParOldGen       total 173568K, used 20080K [0x00000006c2800000, 0x00000006cd180000, 0x000000076b800000)
  object space 173568K, 11% used [0x00000006c2800000,0x00000006c3b9c030,0x00000006cd180000)
 Metaspace       used 11640K, capacity 12042K, committed 12288K, reserved 1060864K
  class space    used 1553K, capacity 1673K, committed 1792K, reserved 1048576K
}
Event: 5.070 GC heap before
{Heap before GC invocations=2 (full 0):
 PSYoungGen      total 75776K, used 60324K [0x000000076b800000, 0x0000000774c00000, 0x00000007c0000000)
  eden space 65024K, 79% used [0x000000076b800000,0x000000076ea4b990,0x000000076f780000)
  from space 10752K, 82% used [0x000000076f780000,0x000000077001d6d0,0x0000000770200000)
  to   space 10752K, 0% used [0x0000000774180000,0x0000000774180000,0x0000000774c00000)
 ParOldGen       total 173568K, used 20080K [0x00000006c2800000, 0x00000006cd180000, 0x000000076b800000)
  object space 173568K, 11% used [0x00000006c2800000,0x00000006c3b9c030,0x00000006cd180000)
 Metaspace       used 20455K, capacity 21062K, committed 21248K, reserved 1067008K
  class space    used 2751K, capacity 2947K, committed 3072K, reserved 1048576K
Event: 5.087 GC heap after
Heap after GC invocations=2 (full 0):
 PSYoungGen      total 75776K, used 10720K [0x000000076b800000, 0x0000000774c00000, 0x00000007c0000000)
  eden space 65024K, 0% used [0x000000076b800000,0x000000076b800000,0x000000076f780000)
  from space 10752K, 99% used [0x0000000774180000,0x0000000774bf8128,0x0000000774c00000)
  to   space 10752K, 0% used [0x000000076f780000,0x000000076f780000,0x0000000770200000)
 ParOldGen       total 173568K, used 34875K [0x00000006c2800000, 0x00000006cd180000, 0x000000076b800000)
  object space 173568K, 20% used [0x00000006c2800000,0x00000006c4a0ed98,0x00000006cd180000)
 Metaspace       used 20455K, capacity 21062K, committed 21248K, reserved 1067008K
  class space    used 2751K, capacity 2947K, committed 3072K, reserved 1048576K
}
Event: 5.087 GC heap before
{Heap before GC invocations=3 (full 1):
 PSYoungGen      total 75776K, used 10720K [0x000000076b800000, 0x0000000774c00000, 0x00000007c0000000)
  eden space 65024K, 0% used [0x000000076b800000,0x000000076b800000,0x000000076f780000)
  from space 10752K, 99% used [0x0000000774180000,0x0000000774bf8128,0x0000000774c00000)
  to   space 10752K, 0% used [0x000000076f780000,0x000000076f780000,0x0000000770200000)
 ParOldGen       total 173568K, used 34875K [0x00000006c2800000, 0x00000006cd180000, 0x000000076b800000)
  object space 173568K, 20% used [0x00000006c2800000,0x00000006c4a0ed98,0x00000006cd180000)
 Metaspace       used 20455K, capacity 21062K, committed 21248K, reserved 1067008K
  class space    used 2751K, capacity 2947K, committed 3072K, reserved 1048576K
Event: 5.130 GC heap after
Heap after GC invocations=3 (full 1):
 PSYoungGen      total 75776K, used 0K [0x000000076b800000, 0x0000000774c00000, 0x00000007c0000000)
  eden space 65024K, 0% used [0x000000076b800000,0x000000076b800000,0x000000076f780000)
  from space 10752K, 0% used [0x0000000774180000,0x0000000774180000,0x0000000774c00000)
  to   space 10752K, 0% used [0x000000076f780000,0x000000076f780000,0x0000000770200000)
 ParOldGen       total 165888K, used 45306K [0x00000006c2800000, 0x00000006cca00000, 0x000000076b800000)
  object space 165888K, 27% used [0x00000006c2800000,0x00000006c543e850,0x00000006cca00000)
 Metaspace       used 20455K, capacity 21062K, committed 21248K, reserved 1067008K
  class space    used 2751K, capacity 2947K, committed 3072K, reserved 1048576K
}
Event: 10.536 GC heap before
{Heap before GC invocations=4 (full 1):
 PSYoungGen      total 75776K, used 65024K [0x000000076b800000, 0x0000000774c00000, 0x00000007c0000000)
  eden space 65024K, 100% used [0x000000076b800000,0x000000076f780000,0x000000076f780000)
  from space 10752K, 0% used [0x0000000774180000,0x0000000774180000,0x0000000774c00000)
  to   space 10752K, 0% used [0x000000076f780000,0x000000076f780000,0x0000000770200000)
 ParOldGen       total 165888K, used 45306K [0x00000006c2800000, 0x00000006cca00000, 0x000000076b800000)
  object space 165888K, 27% used [0x00000006c2800000,0x00000006c543e850,0x00000006cca00000)
 Metaspace       used 27461K, capacity 28704K, committed 28928K, reserved 1075200K
  class space    used 3804K, capacity 4056K, committed 4096K, reserved 1048576K
Event: 10.548 GC heap after
Heap after GC invocations=4 (full 1):
 PSYoungGen      total 75776K, used 7395K [0x000000076b800000, 0x0000000774200000, 0x00000007c0000000)
  eden space 65024K, 0% used [0x000000076b800000,0x000000076b800000,0x000000076f780000)
  from space 10752K, 68% used [0x000000076f780000,0x000000076feb8f30,0x0000000770200000)
  to   space 10752K, 0% used [0x0000000773780000,0x0000000773780000,0x0000000774200000)
 ParOldGen       total 165888K, used 45306K [0x00000006c2800000, 0x00000006cca00000, 0x000000076b800000)
  object space 165888K, 27% used [0x00000006c2800000,0x00000006c543e850,0x00000006cca00000)
 Metaspace       used 27461K, capacity 28704K, committed 28928K, reserved 1075200K
  class space    used 3804K, capacity 4056K, committed 4096K, reserved 1048576K
}
Event: 32.807 GC heap before
{Heap before GC invocations=5 (full 1):
 PSYoungGen      total 75776K, used 72419K [0x000000076b800000, 0x0000000774200000, 0x00000007c0000000)
  eden space 65024K, 100% used [0x000000076b800000,0x000000076f780000,0x000000076f780000)
  from space 10752K, 68% used [0x000000076f780000,0x000000076feb8f30,0x0000000770200000)
  to   space 10752K, 0% used [0x0000000773780000,0x0000000773780000,0x0000000774200000)
 ParOldGen       total 165888K, used 45306K [0x00000006c2800000, 0x00000006cca00000, 0x000000076b800000)
  object space 165888K, 27% used [0x00000006c2800000,0x00000006c543e850,0x00000006cca00000)
 Metaspace       used 27584K, capacity 28768K, committed 28928K, reserved 1075200K
  class space    used 3805K, capacity 4056K, committed 4096K, reserved 1048576K
Event: 32.814 GC heap after
Heap after GC invocations=5 (full 1):
 PSYoungGen      total 95232K, used 7154K [0x000000076b800000, 0x0000000773e80000, 0x00000007c0000000)
  eden space 88064K, 0% used [0x000000076b800000,0x000000076b800000,0x0000000770e00000)
  from space 7168K, 99% used [0x0000000773780000,0x0000000773e7cab0,0x0000000773e80000)
  to   space 10752K, 0% used [0x0000000772980000,0x0000000772980000,0x0000000773400000)
 ParOldGen       total 165888K, used 45314K [0x00000006c2800000, 0x00000006cca00000, 0x000000076b800000)
  object space 165888K, 27% used [0x00000006c2800000,0x00000006c5440850,0x00000006cca00000)
 Metaspace       used 27584K, capacity 28768K, committed 28928K, reserved 1075200K
  class space    used 3805K, capacity 4056K, committed 4096K, reserved 1048576K
}

