# JRE version: Java(TM) SE Runtime Environment (8.0_181-b13) (build 1.8.0_181-b13)
# Java VM: Java HotSpot(TM) 64-Bit Server VM (25.181-b13 mixed mode windows-amd64 compressed oops)
Heap:
 PSYoungGen      total 135680K, used 52710K [0x000000076b800000, 0x0000000775680000, 0x00000007c0000000)
  eden space 117248K, 33% used [0x000000076b800000,0x000000076ded7128,0x0000000772a80000)
  from space 18432K, 70% used [0x0000000774480000,0x0000000775122998,0x0000000775680000)
  to   space 22528K, 0% used [0x0000000772a80000,0x0000000772a80000,0x0000000774080000)
 ParOldGen       total 166912K, used 48239K [0x00000006c2800000, 0x00000006ccb00000, 0x000000076b800000)
  object space 166912K, 28% used [0x00000006c2800000,0x00000006c571bee8,0x00000006ccb00000)
 Metaspace       used 27479K, capacity 28669K, committed 28928K, reserved 1075200K
  class space    used 3798K, capacity 4057K, committed 4096K, reserved 1048576K
GC Heap History (10 events):
Event: 4.353 GC heap before
{Heap before GC invocations=3 (full 1):
 PSYoungGen      total 75776K, used 10736K [0x000000076b800000, 0x0000000774c00000, 0x00000007c0000000)
  eden space 65024K, 0% used [0x000000076b800000,0x000000076b800000,0x000000076f780000)
  from space 10752K, 99% used [0x0000000774180000,0x0000000774bfc290,0x0000000774c00000)
  to   space 10752K, 0% used [0x000000076f780000,0x000000076f780000,0x0000000770200000)
 ParOldGen       total 173568K, used 34912K [0x00000006c2800000, 0x00000006cd180000, 0x000000076b800000)
  object space 173568K, 20% used [0x00000006c2800000,0x00000006c4a18098,0x00000006cd180000)
 Metaspace       used 20501K, capacity 21121K, committed 21296K, reserved 1067008K
  class space    used 2748K, capacity 2944K, committed 2944K, reserved 1048576K
Event: 4.393 GC heap after
Heap after GC invocations=3 (full 1):
 PSYoungGen      total 75776K, used 0K [0x000000076b800000, 0x0000000774c00000, 0x00000007c0000000)
  eden space 65024K, 0% used [0x000000076b800000,0x000000076b800000,0x000000076f780000)
  from space 10752K, 0% used [0x0000000774180000,0x0000000774180000,0x0000000774c00000)
  to   space 10752K, 0% used [0x000000076f780000,0x000000076f780000,0x0000000770200000)
 ParOldGen       total 166912K, used 45399K [0x00000006c2800000, 0x00000006ccb00000, 0x000000076b800000)
  object space 166912K, 27% used [0x00000006c2800000,0x00000006c5455ee8,0x00000006ccb00000)
 Metaspace       used 20501K, capacity 21121K, committed 21296K, reserved 1067008K
  class space    used 2748K, capacity 2944K, committed 2944K, reserved 1048576K
}
Event: 6.886 GC heap before
{Heap before GC invocations=4 (full 1):
 PSYoungGen      total 75776K, used 65024K [0x000000076b800000, 0x0000000774c00000, 0x00000007c0000000)
  eden space 65024K, 100% used [0x000000076b800000,0x000000076f780000,0x000000076f780000)
  from space 10752K, 0% used [0x0000000774180000,0x0000000774180000,0x0000000774c00000)
  to   space 10752K, 0% used [0x000000076f780000,0x000000076f780000,0x0000000770200000)
 ParOldGen       total 166912K, used 45399K [0x00000006c2800000, 0x00000006ccb00000, 0x000000076b800000)
  object space 166912K, 27% used [0x00000006c2800000,0x00000006c5455ee8,0x00000006ccb00000)
 Metaspace       used 26826K, capacity 27905K, committed 28160K, reserved 1073152K
  class space    used 3762K, capacity 4005K, committed 4096K, reserved 1048576K
Event: 6.904 GC heap after
Heap after GC invocations=4 (full 1):
 PSYoungGen      total 75776K, used 9458K [0x000000076b800000, 0x0000000774200000, 0x00000007c0000000)
  eden space 65024K, 0% used [0x000000076b800000,0x000000076b800000,0x000000076f780000)
  from space 10752K, 87% used [0x000000076f780000,0x00000007700bcab0,0x0000000770200000)
  to   space 10752K, 0% used [0x0000000773780000,0x0000000773780000,0x0000000774200000)
 ParOldGen       total 166912K, used 45407K [0x00000006c2800000, 0x00000006ccb00000, 0x000000076b800000)
  object space 166912K, 27% used [0x00000006c2800000,0x00000006c5457ee8,0x00000006ccb00000)
 Metaspace       used 26826K, capacity 27905K, committed 28160K, reserved 1073152K
  class space    used 3762K, capacity 4005K, committed 4096K, reserved 1048576K
}
Event: 2879.014 GC heap before
{Heap before GC invocations=5 (full 1):
 PSYoungGen      total 75776K, used 74482K [0x000000076b800000, 0x0000000774200000, 0x00000007c0000000)
  eden space 65024K, 100% used [0x000000076b800000,0x000000076f780000,0x000000076f780000)
  from space 10752K, 87% used [0x000000076f780000,0x00000007700bcab0,0x0000000770200000)
  to   space 10752K, 0% used [0x0000000773780000,0x0000000773780000,0x0000000774200000)
 ParOldGen       total 166912K, used 45407K [0x00000006c2800000, 0x00000006ccb00000, 0x000000076b800000)
  object space 166912K, 27% used [0x00000006c2800000,0x00000006c5457ee8,0x00000006ccb00000)
 Metaspace       used 27435K, capacity 28605K, committed 28672K, reserved 1073152K
  class space    used 3798K, capacity 4057K, committed 4096K, reserved 1048576K
Event: 2879.607 GC heap after
Heap after GC invocations=5 (full 1):
 PSYoungGen      total 75776K, used 10738K [0x000000076b800000, 0x0000000774200000, 0x00000007c0000000)
  eden space 65024K, 0% used [0x000000076b800000,0x000000076b800000,0x000000076f780000)
  from space 10752K, 99% used [0x0000000773780000,0x00000007741fca28,0x0000000774200000)
  to   space 10752K, 0% used [0x000000076f780000,0x000000076f780000,0x0000000770200000)
 ParOldGen       total 166912K, used 45711K [0x00000006c2800000, 0x00000006ccb00000, 0x000000076b800000)
  object space 166912K, 27% used [0x00000006c2800000,0x00000006c54a3ee8,0x00000006ccb00000)
 Metaspace       used 27435K, capacity 28605K, committed 28672K, reserved 1073152K
  class space    used 3798K, capacity 4057K, committed 4096K, reserved 1048576K
}
Event: 2882.634 GC heap before
{Heap before GC invocations=6 (full 1):
 PSYoungGen      total 75776K, used 75762K [0x000000076b800000, 0x0000000774200000, 0x00000007c0000000)
  eden space 65024K, 100% used [0x000000076b800000,0x000000076f780000,0x000000076f780000)
  from space 10752K, 99% used [0x0000000773780000,0x00000007741fca28,0x0000000774200000)
  to   space 10752K, 0% used [0x000000076f780000,0x000000076f780000,0x0000000770200000)
 ParOldGen       total 166912K, used 45711K [0x00000006c2800000, 0x00000006ccb00000, 0x000000076b800000)
  object space 166912K, 27% used [0x00000006c2800000,0x00000006c54a3ee8,0x00000006ccb00000)
 Metaspace       used 27457K, capacity 28605K, committed 28672K, reserved 1073152K
  class space    used 3798K, capacity 4057K, committed 4096K, reserved 1048576K
Event: 2883.256 GC heap after
Heap after GC invocations=6 (full 1):
 PSYoungGen      total 75776K, used 10731K [0x000000076b800000, 0x0000000775c00000, 0x00000007c0000000)
  eden space 65024K, 0% used [0x000000076b800000,0x000000076b800000,0x000000076f780000)
  from space 10752K, 99% used [0x000000076f780000,0x00000007701faf18,0x0000000770200000)
  to   space 24064K, 0% used [0x0000000774480000,0x0000000774480000,0x0000000775c00000)
 ParOldGen       total 166912K, used 48231K [0x00000006c2800000, 0x00000006ccb00000, 0x000000076b800000)
  object space 166912K, 28% used [0x00000006c2800000,0x00000006c5719ee8,0x00000006ccb00000)
 Metaspace       used 27457K, capacity 28605K, committed 28672K, reserved 1073152K
  class space    used 3798K, capacity 4057K, committed 4096K, reserved 1048576K
}
Event: 2885.659 GC heap before
{Heap before GC invocations=7 (full 1):
 PSYoungGen      total 75776K, used 75755K [0x000000076b800000, 0x0000000775c00000, 0x00000007c0000000)
  eden space 65024K, 100% used [0x000000076b800000,0x000000076f780000,0x000000076f780000)
  from space 10752K, 99% used [0x000000076f780000,0x00000007701faf18,0x0000000770200000)
  to   space 24064K, 0% used [0x0000000774480000,0x0000000774480000,0x0000000775c00000)
 ParOldGen       total 166912K, used 48231K [0x00000006c2800000, 0x00000006ccb00000, 0x000000076b800000)
  object space 166912K, 28% used [0x00000006c2800000,0x00000006c5719ee8,0x00000006ccb00000)
 Metaspace       used 27462K, capacity 28605K, committed 28672K, reserved 1073152K
  class space    used 3798K, capacity 4057K, committed 4096K, reserved 1048576K
Event: 2885.671 GC heap after
Heap after GC invocations=7 (full 1):
 PSYoungGen      total 135680K, used 12938K [0x000000076b800000, 0x0000000775680000, 0x00000007c0000000)
  eden space 117248K, 0% used [0x000000076b800000,0x000000076b800000,0x0000000772a80000)
  from space 18432K, 70% used [0x0000000774480000,0x0000000775122998,0x0000000775680000)
  to   space 22528K, 0% used [0x0000000772a80000,0x0000000772a80000,0x0000000774080000)
 ParOldGen       total 166912K, used 48239K [0x00000006c2800000, 0x00000006ccb00000, 0x000000076b800000)
  object space 166912K, 28% used [0x00000006c2800000,0x00000006c571bee8,0x00000006ccb00000)
 Metaspace       used 27462K, capacity 28605K, committed 28672K, reserved 1073152K
  class space    used 3798K, capacity 4057K, committed 4096K, reserved 1048576K
}

