# JRE version: Java(TM) SE Runtime Environment (8.0_181-b13) (build 1.8.0_181-b13)
# Java VM: Java HotSpot(TM) 64-Bit Server VM (25.181-b13 mixed mode windows-amd64 compressed oops)
Heap:
 PSYoungGen      total 118272K, used 53314K [0x000000076b800000, 0x0000000773a00000, 0x00000007c0000000)
  eden space 107520K, 47% used [0x000000076b800000,0x000000076e970aa8,0x0000000772100000)
  from space 10752K, 25% used [0x0000000772500000,0x00000007727a0000,0x0000000772f80000)
  to   space 2560K, 0% used [0x0000000773780000,0x0000000773780000,0x0000000773a00000)
 ParOldGen       total 165376K, used 45442K [0x00000006c2800000, 0x00000006cc980000, 0x000000076b800000)
  object space 165376K, 27% used [0x00000006c2800000,0x00000006c5460a50,0x00000006cc980000)
 Metaspace       used 22617K, capacity 23345K, committed 23680K, reserved 1069056K
  class space    used 3136K, capacity 3343K, committed 3456K, reserved 1048576K
GC Heap History (10 events):
Event: 4.243 GC heap before
{Heap before GC invocations=2 (full 0):
 PSYoungGen      total 75776K, used 60631K [0x000000076b800000, 0x0000000774c00000, 0x00000007c0000000)
  eden space 65024K, 79% used [0x000000076b800000,0x000000076ea84410,0x000000076f780000)
  from space 10752K, 82% used [0x000000076f780000,0x0000000770031a30,0x0000000770200000)
  to   space 10752K, 0% used [0x0000000774180000,0x0000000774180000,0x0000000774c00000)
 ParOldGen       total 173568K, used 20080K [0x00000006c2800000, 0x00000006cd180000, 0x000000076b800000)
  object space 173568K, 11% used [0x00000006c2800000,0x00000006c3b9c030,0x00000006cd180000)
 Metaspace       used 20477K, capacity 21133K, committed 21296K, reserved 1067008K
  class space    used 2748K, capacity 2944K, committed 2944K, reserved 1048576K
Event: 4.261 GC heap after
Heap after GC invocations=2 (full 0):
 PSYoungGen      total 75776K, used 10723K [0x000000076b800000, 0x0000000774c00000, 0x00000007c0000000)
  eden space 65024K, 0% used [0x000000076b800000,0x000000076b800000,0x000000076f780000)
  from space 10752K, 99% used [0x0000000774180000,0x0000000774bf8d08,0x0000000774c00000)
  to   space 10752K, 0% used [0x000000076f780000,0x000000076f780000,0x0000000770200000)
 ParOldGen       total 173568K, used 34982K [0x00000006c2800000, 0x00000006cd180000, 0x000000076b800000)
  object space 173568K, 20% used [0x00000006c2800000,0x00000006c4a29ba8,0x00000006cd180000)
 Metaspace       used 20477K, capacity 21133K, committed 21296K, reserved 1067008K
  class space    used 2748K, capacity 2944K, committed 2944K, reserved 1048576K
}
Event: 4.261 GC heap before
{Heap before GC invocations=3 (full 1):
 PSYoungGen      total 75776K, used 10723K [0x000000076b800000, 0x0000000774c00000, 0x00000007c0000000)
  eden space 65024K, 0% used [0x000000076b800000,0x000000076b800000,0x000000076f780000)
  from space 10752K, 99% used [0x0000000774180000,0x0000000774bf8d08,0x0000000774c00000)
  to   space 10752K, 0% used [0x000000076f780000,0x000000076f780000,0x0000000770200000)
 ParOldGen       total 173568K, used 34982K [0x00000006c2800000, 0x00000006cd180000, 0x000000076b800000)
  object space 173568K, 20% used [0x00000006c2800000,0x00000006c4a29ba8,0x00000006cd180000)
 Metaspace       used 20477K, capacity 21133K, committed 21296K, reserved 1067008K
  class space    used 2748K, capacity 2944K, committed 2944K, reserved 1048576K
Event: 4.304 GC heap after
Heap after GC invocations=3 (full 1):
 PSYoungGen      total 75776K, used 0K [0x000000076b800000, 0x0000000774c00000, 0x00000007c0000000)
  eden space 65024K, 0% used [0x000000076b800000,0x000000076b800000,0x000000076f780000)
  from space 10752K, 0% used [0x0000000774180000,0x0000000774180000,0x0000000774c00000)
  to   space 10752K, 0% used [0x000000076f780000,0x000000076f780000,0x0000000770200000)
 ParOldGen       total 165376K, used 45426K [0x00000006c2800000, 0x00000006cc980000, 0x000000076b800000)
  object space 165376K, 27% used [0x00000006c2800000,0x00000006c545ca50,0x00000006cc980000)
 Metaspace       used 20477K, capacity 21133K, committed 21296K, reserved 1067008K
  class space    used 2748K, capacity 2944K, committed 2944K, reserved 1048576K
}
Event: 2642.994 GC heap before
{Heap before GC invocations=4 (full 1):
 PSYoungGen      total 75776K, used 65024K [0x000000076b800000, 0x0000000774c00000, 0x00000007c0000000)
  eden space 65024K, 100% used [0x000000076b800000,0x000000076f780000,0x000000076f780000)
  from space 10752K, 0% used [0x0000000774180000,0x0000000774180000,0x0000000774c00000)
  to   space 10752K, 0% used [0x000000076f780000,0x000000076f780000,0x0000000770200000)
 ParOldGen       total 165376K, used 45426K [0x00000006c2800000, 0x00000006cc980000, 0x000000076b800000)
  object space 165376K, 27% used [0x00000006c2800000,0x00000006c545ca50,0x00000006cc980000)
 Metaspace       used 22510K, capacity 23281K, committed 23424K, reserved 1069056K
  class space    used 3135K, capacity 3343K, committed 3456K, reserved 1048576K
Event: 2645.361 GC heap after
Heap after GC invocations=4 (full 1):
 PSYoungGen      total 75776K, used 2016K [0x000000076b800000, 0x0000000774200000, 0x00000007c0000000)
  eden space 65024K, 0% used [0x000000076b800000,0x000000076b800000,0x000000076f780000)
  from space 10752K, 18% used [0x000000076f780000,0x000000076f978000,0x0000000770200000)
  to   space 10752K, 0% used [0x0000000773780000,0x0000000773780000,0x0000000774200000)
 ParOldGen       total 165376K, used 45426K [0x00000006c2800000, 0x00000006cc980000, 0x000000076b800000)
  object space 165376K, 27% used [0x00000006c2800000,0x00000006c545ca50,0x00000006cc980000)
 Metaspace       used 22510K, capacity 23281K, committed 23424K, reserved 1069056K
  class space    used 3135K, capacity 3343K, committed 3456K, reserved 1048576K
}
Event: 2653.787 GC heap before
{Heap before GC invocations=5 (full 1):
 PSYoungGen      total 75776K, used 67040K [0x000000076b800000, 0x0000000774200000, 0x00000007c0000000)
  eden space 65024K, 100% used [0x000000076b800000,0x000000076f780000,0x000000076f780000)
  from space 10752K, 18% used [0x000000076f780000,0x000000076f978000,0x0000000770200000)
  to   space 10752K, 0% used [0x0000000773780000,0x0000000773780000,0x0000000774200000)
 ParOldGen       total 165376K, used 45426K [0x00000006c2800000, 0x00000006cc980000, 0x000000076b800000)
  object space 165376K, 27% used [0x00000006c2800000,0x00000006c545ca50,0x00000006cc980000)
 Metaspace       used 22563K, capacity 23281K, committed 23424K, reserved 1069056K
  class space    used 3136K, capacity 3343K, committed 3456K, reserved 1048576K
Event: 2654.259 GC heap after
Heap after GC invocations=5 (full 1):
 PSYoungGen      total 110080K, used 2368K [0x000000076b800000, 0x0000000773a00000, 0x00000007c0000000)
  eden space 107520K, 0% used [0x000000076b800000,0x000000076b800000,0x0000000772100000)
  from space 2560K, 92% used [0x0000000773780000,0x00000007739d0000,0x0000000773a00000)
  to   space 10752K, 0% used [0x0000000772500000,0x0000000772500000,0x0000000772f80000)
 ParOldGen       total 165376K, used 45434K [0x00000006c2800000, 0x00000006cc980000, 0x000000076b800000)
  object space 165376K, 27% used [0x00000006c2800000,0x00000006c545ea50,0x00000006cc980000)
 Metaspace       used 22563K, capacity 23281K, committed 23424K, reserved 1069056K
  class space    used 3136K, capacity 3343K, committed 3456K, reserved 1048576K
}
Event: 2658.814 GC heap before
{Heap before GC invocations=6 (full 1):
 PSYoungGen      total 110080K, used 109888K [0x000000076b800000, 0x0000000773a00000, 0x00000007c0000000)
  eden space 107520K, 100% used [0x000000076b800000,0x0000000772100000,0x0000000772100000)
  from space 2560K, 92% used [0x0000000773780000,0x00000007739d0000,0x0000000773a00000)
  to   space 10752K, 0% used [0x0000000772500000,0x0000000772500000,0x0000000772f80000)
 ParOldGen       total 165376K, used 45434K [0x00000006c2800000, 0x00000006cc980000, 0x000000076b800000)
  object space 165376K, 27% used [0x00000006c2800000,0x00000006c545ea50,0x00000006cc980000)
 Metaspace       used 22605K, capacity 23345K, committed 23680K, reserved 1069056K
  class space    used 3136K, capacity 3343K, committed 3456K, reserved 1048576K
Event: 2659.184 GC heap after
Heap after GC invocations=6 (full 1):
 PSYoungGen      total 118272K, used 2688K [0x000000076b800000, 0x0000000773a00000, 0x00000007c0000000)
  eden space 107520K, 0% used [0x000000076b800000,0x000000076b800000,0x0000000772100000)
  from space 10752K, 25% used [0x0000000772500000,0x00000007727a0000,0x0000000772f80000)
  to   space 2560K, 0% used [0x0000000773780000,0x0000000773780000,0x0000000773a00000)
 ParOldGen       total 165376K, used 45442K [0x00000006c2800000, 0x00000006cc980000, 0x000000076b800000)
  object space 165376K, 27% used [0x00000006c2800000,0x00000006c5460a50,0x00000006cc980000)
 Metaspace       used 22605K, capacity 23345K, committed 23680K, reserved 1069056K
  class space    used 3136K, capacity 3343K, committed 3456K, reserved 1048576K
}

